<?xml version="1.0" encoding="UTF-8"?>
<coverage generated="1750952003965" clover="3.2.0">
  <project timestamp="1750952003965" name="All files">
    <metrics statements="299" coveredstatements="286" conditionals="122" coveredconditionals="93" methods="149" coveredmethods="147" elements="570" coveredelements="526" complexity="0" loc="299" ncloc="299" packages="12" files="21" classes="21"/>
    <package name="__mock__">
      <metrics statements="1" coveredstatements="1" conditionals="0" coveredconditionals="0" methods="0" coveredmethods="0"/>
      <file name="restaurantMock.ts" path="C:\Users\y.lui\Desktop\start\spa_app\src\shared\__mock__\restaurantMock.ts">
        <metrics statements="1" coveredstatements="1" conditionals="0" coveredconditionals="0" methods="0" coveredmethods="0"/>
        <line num="4" count="3" type="stmt"/>
      </file>
    </package>
    <package name="api">
      <metrics statements="5" coveredstatements="3" conditionals="0" coveredconditionals="0" methods="1" coveredmethods="0"/>
      <file name="restaurants.ts" path="C:\Users\y.lui\Desktop\start\spa_app\src\shared\api\restaurants.ts">
        <metrics statements="5" coveredstatements="3" conditionals="0" coveredconditionals="0" methods="1" coveredmethods="0"/>
        <line num="1" count="1" type="stmt"/>
        <line num="5" count="1" type="stmt"/>
        <line num="8" count="0" type="stmt"/>
        <line num="11" count="0" type="stmt"/>
        <line num="14" count="1" type="stmt"/>
      </file>
    </package>
    <package name="components.ErrorView">
      <metrics statements="27" coveredstatements="27" conditionals="6" coveredconditionals="6" methods="18" coveredmethods="18"/>
      <file name="index.tsx" path="C:\Users\y.lui\Desktop\start\spa_app\src\shared\components\ErrorView\index.tsx">
        <metrics statements="5" coveredstatements="5" conditionals="6" coveredconditionals="6" methods="1" coveredmethods="1"/>
        <line num="3" count="1" type="stmt"/>
        <line num="4" count="1" type="stmt"/>
        <line num="14" count="1" type="stmt"/>
        <line num="21" count="3" type="stmt"/>
        <line num="23" count="3" type="stmt"/>
      </file>
      <file name="styled.ts" path="C:\Users\y.lui\Desktop\start\spa_app\src\shared\components\ErrorView\styled.ts">
        <metrics statements="22" coveredstatements="22" conditionals="0" coveredconditionals="0" methods="17" coveredmethods="17"/>
        <line num="1" count="1" type="stmt"/>
        <line num="3" count="1" type="stmt"/>
        <line num="8" count="3" type="stmt"/>
        <line num="9" count="3" type="stmt"/>
        <line num="11" count="3" type="stmt"/>
        <line num="12" count="3" type="stmt"/>
        <line num="13" count="3" type="stmt"/>
        <line num="14" count="3" type="stmt"/>
        <line num="17" count="1" type="stmt"/>
        <line num="18" count="3" type="stmt"/>
        <line num="19" count="3" type="stmt"/>
        <line num="23" count="1" type="stmt"/>
        <line num="24" count="3" type="stmt"/>
        <line num="25" count="3" type="stmt"/>
        <line num="29" count="1" type="stmt"/>
        <line num="30" count="1" type="stmt"/>
        <line num="31" count="1" type="stmt"/>
        <line num="34" count="1" type="stmt"/>
        <line num="39" count="1" type="stmt"/>
        <line num="44" count="1" type="stmt"/>
        <line num="45" count="1" type="stmt"/>
        <line num="46" count="1" type="stmt"/>
      </file>
    </package>
    <package name="components.button">
      <metrics statements="14" coveredstatements="14" conditionals="0" coveredconditionals="0" methods="10" coveredmethods="10"/>
      <file name="index.tsx" path="C:\Users\y.lui\Desktop\start\spa_app\src\shared\components\button\index.tsx">
        <metrics statements="4" coveredstatements="4" conditionals="0" coveredconditionals="0" methods="1" coveredmethods="1"/>
        <line num="1" count="2" type="stmt"/>
        <line num="3" count="2" type="stmt"/>
        <line num="9" count="2" type="stmt"/>
        <line num="13" count="5" type="stmt"/>
      </file>
      <file name="styled.ts" path="C:\Users\y.lui\Desktop\start\spa_app\src\shared\components\button\styled.ts">
        <metrics statements="10" coveredstatements="10" conditionals="0" coveredconditionals="0" methods="9" coveredmethods="9"/>
        <line num="1" count="2" type="stmt"/>
        <line num="3" count="2" type="stmt"/>
        <line num="4" count="5" type="stmt"/>
        <line num="5" count="5" type="stmt"/>
        <line num="6" count="5" type="stmt"/>
        <line num="8" count="5" type="stmt"/>
        <line num="9" count="5" type="stmt"/>
        <line num="13" count="5" type="stmt"/>
        <line num="16" count="5" type="stmt"/>
        <line num="18" count="5" type="stmt"/>
      </file>
    </package>
    <package name="components.drawer">
      <metrics statements="30" coveredstatements="30" conditionals="9" coveredconditionals="8" methods="16" coveredmethods="16"/>
      <file name="index.tsx" path="C:\Users\y.lui\Desktop\start\spa_app\src\shared\components\drawer\index.tsx">
        <metrics statements="10" coveredstatements="10" conditionals="3" coveredconditionals="2" methods="3" coveredmethods="3"/>
        <line num="1" count="1" type="stmt"/>
        <line num="3" count="1" type="stmt"/>
        <line num="12" count="1" type="stmt"/>
        <line num="18" count="9" type="stmt"/>
        <line num="19" count="9" type="cond" truecount="2" falsecount="0"/>
        <line num="20" count="6" type="stmt"/>
        <line num="22" count="3" type="stmt"/>
        <line num="24" count="9" type="stmt"/>
        <line num="25" count="9" type="stmt"/>
        <line num="29" count="9" type="stmt"/>
      </file>
      <file name="styled.ts" path="C:\Users\y.lui\Desktop\start\spa_app\src\shared\components\drawer\styled.ts">
        <metrics statements="20" coveredstatements="20" conditionals="6" coveredconditionals="6" methods="13" coveredmethods="13"/>
        <line num="1" count="1" type="stmt"/>
        <line num="3" count="1" type="stmt"/>
        <line num="11" count="9" type="cond" truecount="2" falsecount="0"/>
        <line num="12" count="9" type="cond" truecount="2" falsecount="0"/>
        <line num="16" count="1" type="stmt"/>
        <line num="21" count="9" type="stmt"/>
        <line num="22" count="9" type="stmt"/>
        <line num="23" count="9" type="stmt"/>
        <line num="25" count="9" type="cond" truecount="2" falsecount="0"/>
        <line num="30" count="9" type="stmt"/>
        <line num="35" count="1" type="stmt"/>
        <line num="36" count="9" type="stmt"/>
        <line num="39" count="9" type="stmt"/>
        <line num="42" count="1" type="stmt"/>
        <line num="46" count="9" type="stmt"/>
        <line num="47" count="9" type="stmt"/>
        <line num="50" count="1" type="stmt"/>
        <line num="52" count="9" type="stmt"/>
        <line num="56" count="1" type="stmt"/>
        <line num="57" count="9" type="stmt"/>
      </file>
    </package>
    <package name="components.input">
      <metrics statements="37" coveredstatements="37" conditionals="19" coveredconditionals="18" methods="25" coveredmethods="25"/>
      <file name="index.tsx" path="C:\Users\y.lui\Desktop\start\spa_app\src\shared\components\input\index.tsx">
        <metrics statements="6" coveredstatements="6" conditionals="9" coveredconditionals="9" methods="1" coveredmethods="1"/>
        <line num="1" count="1" type="stmt"/>
        <line num="3" count="1" type="stmt"/>
        <line num="14" count="1" type="stmt"/>
        <line num="27" count="7" type="stmt"/>
        <line num="41" count="1" type="stmt"/>
        <line num="43" count="1" type="stmt"/>
      </file>
      <file name="styled.ts" path="C:\Users\y.lui\Desktop\start\spa_app\src\shared\components\input\styled.ts">
        <metrics statements="31" coveredstatements="31" conditionals="10" coveredconditionals="9" methods="24" coveredmethods="24"/>
        <line num="1" count="1" type="stmt"/>
        <line num="3" count="1" type="stmt"/>
        <line num="9" count="1" type="stmt"/>
        <line num="10" count="1" type="stmt"/>
        <line num="11" count="1" type="stmt"/>
        <line num="12" count="1" type="stmt"/>
        <line num="13" count="1" type="stmt"/>
        <line num="14" count="1" type="stmt"/>
        <line num="17" count="1" type="stmt"/>
        <line num="22" count="7" type="cond" truecount="2" falsecount="0"/>
        <line num="23" count="7" type="stmt"/>
        <line num="25" count="7" type="cond" truecount="1" falsecount="1"/>
        <line num="29" count="7" type="cond" truecount="2" falsecount="0"/>
        <line num="37" count="7" type="cond" truecount="2" falsecount="0"/>
        <line num="39" count="7" type="cond" truecount="2" falsecount="0"/>
        <line num="43" count="1" type="stmt"/>
        <line num="45" count="7" type="stmt"/>
        <line num="48" count="7" type="stmt"/>
        <line num="49" count="7" type="stmt"/>
        <line num="50" count="7" type="stmt"/>
        <line num="51" count="7" type="stmt"/>
        <line num="56" count="7" type="stmt"/>
        <line num="61" count="7" type="stmt"/>
        <line num="66" count="1" type="stmt"/>
        <line num="69" count="2" type="stmt"/>
        <line num="70" count="2" type="stmt"/>
        <line num="73" count="1" type="stmt"/>
        <line num="74" count="1" type="stmt"/>
        <line num="75" count="1" type="stmt"/>
        <line num="76" count="1" type="stmt"/>
        <line num="77" count="1" type="stmt"/>
      </file>
    </package>
    <package name="components.loading">
      <metrics statements="24" coveredstatements="24" conditionals="12" coveredconditionals="12" methods="13" coveredmethods="13"/>
      <file name="index.tsx" path="C:\Users\y.lui\Desktop\start\spa_app\src\shared\components\loading\index.tsx">
        <metrics statements="4" coveredstatements="4" conditionals="12" coveredconditionals="12" methods="1" coveredmethods="1"/>
        <line num="1" count="1" type="stmt"/>
        <line num="11" count="1" type="stmt"/>
        <line num="17" count="6" type="cond" truecount="2" falsecount="0"/>
        <line num="19" count="6" type="stmt"/>
      </file>
      <file name="styled.ts" path="C:\Users\y.lui\Desktop\start\spa_app\src\shared\components\loading\styled.ts">
        <metrics statements="20" coveredstatements="20" conditionals="0" coveredconditionals="0" methods="12" coveredmethods="12"/>
        <line num="1" count="1" type="stmt"/>
        <line num="3" count="1" type="stmt"/>
        <line num="8" count="1" type="stmt"/>
        <line num="13" count="6" type="stmt"/>
        <line num="17" count="1" type="stmt"/>
        <line num="20" count="5" type="stmt"/>
        <line num="21" count="5" type="stmt"/>
        <line num="22" count="5" type="stmt"/>
        <line num="27" count="1" type="stmt"/>
        <line num="32" count="1" type="stmt"/>
        <line num="34" count="1" type="stmt"/>
        <line num="39" count="1" type="stmt"/>
        <line num="40" count="1" type="stmt"/>
        <line num="53" count="1" type="stmt"/>
        <line num="54" count="5" type="stmt"/>
        <line num="55" count="5" type="stmt"/>
        <line num="56" count="5" type="stmt"/>
        <line num="57" count="5" type="stmt"/>
        <line num="61" count="1" type="stmt"/>
        <line num="67" count="1" type="stmt"/>
      </file>
    </package>
    <package name="components.pagination">
      <metrics statements="47" coveredstatements="45" conditionals="34" coveredconditionals="31" methods="19" coveredmethods="18"/>
      <file name="index.tsx" path="C:\Users\y.lui\Desktop\start\spa_app\src\shared\components\pagination\index.tsx">
        <metrics statements="34" coveredstatements="32" conditionals="30" coveredconditionals="27" methods="12" coveredmethods="11"/>
        <line num="2" count="1" type="stmt"/>
        <line num="4" count="1" type="stmt"/>
        <line num="18" count="1" type="stmt"/>
        <line num="27" count="13" type="stmt"/>
        <line num="29" count="13" type="stmt"/>
        <line num="30" count="13" type="stmt"/>
        <line num="31" count="13" type="stmt"/>
        <line num="32" count="13" type="stmt"/>
        <line num="34" count="13" type="cond" truecount="1" falsecount="1"/>
        <line num="35" count="0" type="stmt"/>
        <line num="38" count="65" type="stmt"/>
        <line num="41" count="13" type="stmt"/>
        <line num="42" count="5" type="cond" truecount="4" falsecount="1"/>
        <line num="43" count="5" type="stmt"/>
        <line num="47" count="13" type="stmt"/>
        <line num="48" count="4" type="stmt"/>
        <line num="49" count="4" type="cond" truecount="4" falsecount="0"/>
        <line num="50" count="2" type="stmt"/>
        <line num="54" count="13" type="stmt"/>
        <line num="55" count="2" type="stmt"/>
        <line num="56" count="2" type="cond" truecount="1" falsecount="1"/>
        <line num="57" count="2" type="stmt"/>
        <line num="58" count="2" type="cond" truecount="4" falsecount="0"/>
        <line num="59" count="1" type="stmt"/>
        <line num="62" count="2" type="stmt"/>
        <line num="65" count="13" type="stmt"/>
        <line num="67" count="13" type="stmt"/>
        <line num="71" count="1" type="stmt"/>
        <line num="81" count="1" type="stmt"/>
        <line num="90" count="65" type="stmt"/>
        <line num="93" count="0" type="stmt"/>
        <line num="103" count="1" type="stmt"/>
        <line num="113" count="1" type="stmt"/>
        <line num="139" count="1" type="stmt"/>
      </file>
      <file name="styled.ts" path="C:\Users\y.lui\Desktop\start\spa_app\src\shared\components\pagination\styled.ts">
        <metrics statements="13" coveredstatements="13" conditionals="4" coveredconditionals="4" methods="7" coveredmethods="7"/>
        <line num="2" count="1" type="stmt"/>
        <line num="4" count="1" type="stmt"/>
        <line num="13" count="1" type="stmt"/>
        <line num="15" count="126" type="stmt"/>
        <line num="16" count="126" type="cond" truecount="2" falsecount="0"/>
        <line num="19" count="126" type="cond" truecount="2" falsecount="0"/>
        <line num="25" count="126" type="stmt"/>
        <line num="38" count="1" type="stmt"/>
        <line num="43" count="1" type="stmt"/>
        <line num="46" count="13" type="stmt"/>
        <line num="51" count="1" type="stmt"/>
        <line num="53" count="13" type="stmt"/>
        <line num="54" count="13" type="stmt"/>
      </file>
    </package>
    <package name="components.select">
      <metrics statements="30" coveredstatements="30" conditionals="9" coveredconditionals="8" methods="20" coveredmethods="20"/>
      <file name="index.tsx" path="C:\Users\y.lui\Desktop\start\spa_app\src\shared\components\select\index.tsx">
        <metrics statements="9" coveredstatements="9" conditionals="7" coveredconditionals="7" methods="3" coveredmethods="3"/>
        <line num="1" count="1" type="stmt"/>
        <line num="3" count="1" type="stmt"/>
        <line num="23" count="1" type="stmt"/>
        <line num="35" count="7" type="stmt"/>
        <line num="36" count="1" type="stmt"/>
        <line num="39" count="7" type="stmt"/>
        <line num="61" count="21" type="stmt"/>
        <line num="78" count="1" type="stmt"/>
        <line num="80" count="1" type="stmt"/>
      </file>
      <file name="styled.ts" path="C:\Users\y.lui\Desktop\start\spa_app\src\shared\components\select\styled.ts">
        <metrics statements="21" coveredstatements="21" conditionals="2" coveredconditionals="1" methods="17" coveredmethods="17"/>
        <line num="1" count="1" type="stmt"/>
        <line num="3" count="1" type="stmt"/>
        <line num="10" count="1" type="stmt"/>
        <line num="11" count="1" type="stmt"/>
        <line num="13" count="1" type="stmt"/>
        <line num="15" count="1" type="stmt"/>
        <line num="16" count="1" type="stmt"/>
        <line num="17" count="1" type="stmt"/>
        <line num="20" count="1" type="stmt"/>
        <line num="25" count="7" type="stmt"/>
        <line num="26" count="7" type="stmt"/>
        <line num="27" count="7" type="stmt"/>
        <line num="29" count="7" type="cond" truecount="1" falsecount="1"/>
        <line num="30" count="7" type="stmt"/>
        <line num="31" count="7" type="stmt"/>
        <line num="32" count="7" type="stmt"/>
        <line num="41" count="7" type="stmt"/>
        <line num="46" count="7" type="stmt"/>
        <line num="47" count="7" type="stmt"/>
        <line num="51" count="7" type="stmt"/>
        <line num="57" count="1" type="stmt"/>
      </file>
    </package>
    <package name="store.restaurant">
      <metrics statements="72" coveredstatements="63" conditionals="33" coveredconditionals="10" methods="25" coveredmethods="25"/>
      <file name="restaurantsSaga.ts" path="C:\Users\y.lui\Desktop\start\spa_app\src\shared\store\restaurant\restaurantsSaga.ts">
        <metrics statements="11" coveredstatements="11" conditionals="2" coveredconditionals="2" methods="2" coveredmethods="2"/>
        <line num="1" count="1" type="stmt"/>
        <line num="5" count="1" type="stmt"/>
        <line num="6" count="1" type="stmt"/>
        <line num="8" count="1" type="stmt"/>
        <line num="10" count="3" type="stmt"/>
        <line num="11" count="3" type="stmt"/>
        <line num="12" count="3" type="stmt"/>
        <line num="13" count="1" type="stmt"/>
        <line num="15" count="2" type="stmt"/>
        <line num="21" count="1" type="stmt"/>
        <line num="23" count="1" type="stmt"/>
      </file>
      <file name="restaurantsSlice.ts" path="C:\Users\y.lui\Desktop\start\spa_app\src\shared\store\restaurant\restaurantsSlice.ts">
        <metrics statements="27" coveredstatements="27" conditionals="0" coveredconditionals="0" methods="11" coveredmethods="11"/>
        <line num="2" count="2" type="stmt"/>
        <line num="28" count="2" type="stmt"/>
        <line num="52" count="2" type="stmt"/>
        <line num="57" count="1" type="stmt"/>
        <line num="58" count="1" type="stmt"/>
        <line num="59" count="1" type="stmt"/>
        <line num="62" count="1" type="stmt"/>
        <line num="63" count="1" type="stmt"/>
        <line num="66" count="1" type="stmt"/>
        <line num="67" count="1" type="stmt"/>
        <line num="70" count="1" type="stmt"/>
        <line num="73" count="1" type="stmt"/>
        <line num="76" count="1" type="stmt"/>
        <line num="77" count="1" type="stmt"/>
        <line num="78" count="1" type="stmt"/>
        <line num="81" count="2" type="stmt"/>
        <line num="82" count="2" type="stmt"/>
        <line num="83" count="2" type="stmt"/>
        <line num="86" count="1" type="stmt"/>
        <line num="87" count="1" type="stmt"/>
        <line num="88" count="1" type="stmt"/>
        <line num="91" count="1" type="stmt"/>
        <line num="92" count="1" type="stmt"/>
        <line num="95" count="1" type="stmt"/>
        <line num="98" count="1" type="stmt"/>
        <line num="103" count="2" type="stmt"/>
        <line num="116" count="2" type="stmt"/>
      </file>
      <file name="selector.ts" path="C:\Users\y.lui\Desktop\start\spa_app\src\shared\store\restaurant\selector.ts">
        <metrics statements="34" coveredstatements="25" conditionals="31" coveredconditionals="8" methods="12" coveredmethods="12"/>
        <line num="1" count="1" type="stmt"/>
        <line num="9" count="8" type="stmt"/>
        <line num="10" count="8" type="stmt"/>
        <line num="11" count="6" type="stmt"/>
        <line num="12" count="1" type="stmt"/>
        <line num="16" count="5" type="stmt"/>
        <line num="17" count="10" type="stmt"/>
        <line num="21" count="5" type="stmt"/>
        <line num="22" count="30" type="stmt"/>
        <line num="23" count="3" type="stmt"/>
        <line num="25" count="5" type="cond" truecount="2" falsecount="0"/>
        <line num="27" count="3" type="stmt"/>
        <line num="28" count="5" type="cond" truecount="2" falsecount="5"/>
        <line num="29" count="0" type="stmt"/>
        <line num="30" count="0" type="stmt"/>
        <line num="31" count="2" type="stmt"/>
        <line num="32" count="0" type="stmt"/>
        <line num="33" count="0" type="stmt"/>
        <line num="34" count="3" type="stmt"/>
        <line num="35" count="0" type="stmt"/>
        <line num="42" count="5" type="stmt"/>
        <line num="43" count="2" type="cond" truecount="2" falsecount="4"/>
        <line num="45" count="1" type="stmt"/>
        <line num="47" count="0" type="cond" truecount="0" falsecount="4"/>
        <line num="49" count="1" type="cond" truecount="2" falsecount="2"/>
        <line num="51" count="0" type="cond" truecount="0" falsecount="4"/>
        <line num="53" count="0" type="cond" truecount="0" falsecount="4"/>
        <line num="55" count="0" type="stmt"/>
        <line num="61" count="1" type="stmt"/>
        <line num="64" count="2" type="stmt"/>
        <line num="65" count="2" type="stmt"/>
        <line num="66" count="2" type="stmt"/>
        <line num="69" count="1" type="stmt"/>
        <line num="71" count="2" type="stmt"/>
      </file>
    </package>
    <package name="theme">
      <metrics statements="2" coveredstatements="2" conditionals="0" coveredconditionals="0" methods="0" coveredmethods="0"/>
      <file name="index.ts" path="C:\Users\y.lui\Desktop\start\spa_app\src\shared\theme\index.ts">
        <metrics statements="2" coveredstatements="2" conditionals="0" coveredconditionals="0" methods="0" coveredmethods="0"/>
        <line num="4" count="7" type="stmt"/>
        <line num="89" count="7" type="stmt"/>
      </file>
    </package>
    <package name="utils">
      <metrics statements="10" coveredstatements="10" conditionals="0" coveredconditionals="0" methods="2" coveredmethods="2"/>
      <file name="test-utils.tsx" path="C:\Users\y.lui\Desktop\start\spa_app\src\shared\utils\test-utils.tsx">
        <metrics statements="10" coveredstatements="10" conditionals="0" coveredconditionals="0" methods="2" coveredmethods="2"/>
        <line num="2" count="7" type="stmt"/>
        <line num="3" count="7" type="stmt"/>
        <line num="4" count="7" type="stmt"/>
        <line num="6" count="7" type="stmt"/>
        <line num="9" count="7" type="stmt"/>
        <line num="10" count="45" type="stmt"/>
        <line num="13" count="7" type="stmt"/>
        <line num="16" count="41" type="stmt"/>
        <line num="19" count="7" type="stmt"/>
        <line num="21" count="7" type="stmt"/>
      </file>
    </package>
  </project>
</coverage>
