{"C:\\Users\\y.lui\\Desktop\\start\\spa_app\\src\\shared\\__mock__\\restaurantMock.ts": {"path":"C:\\Users\\y.lui\\Desktop\\start\\spa_app\\src\\shared\\__mock__\\restaurantMock.ts","statementMap":{"0":{"start":{"line":4,"column":13},"end":{"line":178,"column":2}}},"fnMap":{},"branchMap":{},"s":{"0":3},"f":{},"b":{}}
,"C:\\Users\\y.lui\\Desktop\\start\\spa_app\\src\\shared\\api\\restaurants.ts": {"path":"C:\\Users\\y.lui\\Desktop\\start\\spa_app\\src\\shared\\api\\restaurants.ts","statementMap":{"0":{"start":{"line":1,"column":0},"end":{"line":1,"column":35}},"1":{"start":{"line":5,"column":40},"end":{"line":12,"column":3}},"2":{"start":{"line":8,"column":21},"end":{"line":9,"column":null}},"3":{"start":{"line":11,"column":4},"end":{"line":11,"column":25}},"4":{"start":{"line":5,"column":13},"end":{"line":5,"column":40}},"5":{"start":{"line":14,"column":15},"end":{"line":16,"column":null}}},"fnMap":{"0":{"name":"(anonymous_1)","decl":{"start":{"line":5,"column":40},"end":{"line":5,"column":45}},"loc":{"start":{"line":7,"column":41},"end":{"line":12,"column":3}}}},"branchMap":{},"s":{"0":1,"1":1,"2":0,"3":0,"4":1,"5":1},"f":{"0":0},"b":{}}
,"C:\\Users\\y.lui\\Desktop\\start\\spa_app\\src\\shared\\components\\ErrorView\\index.tsx": {"path":"C:\\Users\\y.lui\\Desktop\\start\\spa_app\\src\\shared\\components\\ErrorView\\index.tsx","statementMap":{"0":{"start":{"line":3,"column":0},"end":{"line":3,"column":35}},"1":{"start":{"line":4,"column":0},"end":{"line":4,"column":85}},"2":{"start":{"line":14,"column":25},"end":{"line":45,"column":1}},"3":{"start":{"line":21,"column":23},"end":{"line":21,"column":37}},"4":{"start":{"line":23,"column":2},"end":{"line":44,"column":4}},"5":{"start":{"line":14,"column":13},"end":{"line":14,"column":25}}},"fnMap":{"0":{"name":"(anonymous_0)","decl":{"start":{"line":14,"column":25},"end":{"line":14,"column":26}},"loc":{"start":{"line":20,"column":21},"end":{"line":45,"column":1}}}},"branchMap":{"0":{"loc":{"start":{"line":18,"column":2},"end":{"line":18,"column":32}},"type":"default-arg","locations":[{"start":{"line":18,"column":10},"end":{"line":18,"column":32}}]},"1":{"loc":{"start":{"line":19,"column":2},"end":{"line":19,"column":66}},"type":"default-arg","locations":[{"start":{"line":19,"column":16},"end":{"line":19,"column":66}}]},"2":{"loc":{"start":{"line":28,"column":7},"end":{"line":32,"column":null}},"type":"binary-expr","locations":[{"start":{"line":28,"column":7},"end":{"line":28,"column":19}},{"start":{"line":29,"column":8},"end":{"line":31,"column":null}}]},"3":{"loc":{"start":{"line":35,"column":7},"end":{"line":41,"column":null}},"type":"binary-expr","locations":[{"start":{"line":35,"column":7},"end":{"line":35,"column":15}},{"start":{"line":36,"column":8},"end":{"line":40,"column":null}}]}},"s":{"0":1,"1":1,"2":1,"3":3,"4":3,"5":1},"f":{"0":3},"b":{"0":[2],"1":[2],"2":[3,1],"3":[3,1]}}
,"C:\\Users\\y.lui\\Desktop\\start\\spa_app\\src\\shared\\components\\ErrorView\\styled.ts": {"path":"C:\\Users\\y.lui\\Desktop\\start\\spa_app\\src\\shared\\components\\ErrorView\\styled.ts","statementMap":{"0":{"start":{"line":1,"column":0},"end":{"line":1,"column":39}},"1":{"start":{"line":3,"column":13},"end":{"line":15,"column":2}},"2":{"start":{"line":8,"column":20},"end":{"line":8,"column":42}},"3":{"start":{"line":9,"column":24},"end":{"line":9,"column":46}},"4":{"start":{"line":11,"column":33},"end":{"line":11,"column":57}},"5":{"start":{"line":12,"column":30},"end":{"line":12,"column":57}},"6":{"start":{"line":13,"column":23},"end":{"line":13,"column":45}},"7":{"start":{"line":14,"column":33},"end":{"line":14,"column":57}},"8":{"start":{"line":17,"column":13},"end":{"line":21,"column":2}},"9":{"start":{"line":18,"column":22},"end":{"line":18,"column":46}},"10":{"start":{"line":19,"column":26},"end":{"line":19,"column":56}},"11":{"start":{"line":23,"column":13},"end":{"line":27,"column":2}},"12":{"start":{"line":24,"column":22},"end":{"line":24,"column":45}},"13":{"start":{"line":25,"column":26},"end":{"line":25,"column":58}},"14":{"start":{"line":29,"column":13},"end":{"line":49,"column":2}},"15":{"start":{"line":30,"column":22},"end":{"line":30,"column":45}},"16":{"start":{"line":31,"column":26},"end":{"line":31,"column":61}},"17":{"start":{"line":34,"column":27},"end":{"line":34,"column":49}},"18":{"start":{"line":39,"column":32},"end":{"line":39,"column":54}},"19":{"start":{"line":44,"column":35},"end":{"line":44,"column":64}},"20":{"start":{"line":45,"column":26},"end":{"line":45,"column":48}},"21":{"start":{"line":46,"column":32},"end":{"line":46,"column":59}}},"fnMap":{"0":{"name":"(anonymous_1)","decl":{"start":{"line":8,"column":9},"end":{"line":8,"column":10}},"loc":{"start":{"line":8,"column":20},"end":{"line":8,"column":42}}},"1":{"name":"(anonymous_2)","decl":{"start":{"line":9,"column":13},"end":{"line":9,"column":14}},"loc":{"start":{"line":9,"column":24},"end":{"line":9,"column":46}}},"2":{"name":"(anonymous_3)","decl":{"start":{"line":11,"column":22},"end":{"line":11,"column":23}},"loc":{"start":{"line":11,"column":33},"end":{"line":11,"column":57}}},"3":{"name":"(anonymous_4)","decl":{"start":{"line":12,"column":19},"end":{"line":12,"column":20}},"loc":{"start":{"line":12,"column":30},"end":{"line":12,"column":57}}},"4":{"name":"(anonymous_5)","decl":{"start":{"line":13,"column":12},"end":{"line":13,"column":13}},"loc":{"start":{"line":13,"column":23},"end":{"line":13,"column":45}}},"5":{"name":"(anonymous_6)","decl":{"start":{"line":14,"column":22},"end":{"line":14,"column":23}},"loc":{"start":{"line":14,"column":33},"end":{"line":14,"column":57}}},"6":{"name":"(anonymous_7)","decl":{"start":{"line":18,"column":11},"end":{"line":18,"column":12}},"loc":{"start":{"line":18,"column":22},"end":{"line":18,"column":46}}},"7":{"name":"(anonymous_8)","decl":{"start":{"line":19,"column":15},"end":{"line":19,"column":16}},"loc":{"start":{"line":19,"column":26},"end":{"line":19,"column":56}}},"8":{"name":"(anonymous_9)","decl":{"start":{"line":24,"column":11},"end":{"line":24,"column":12}},"loc":{"start":{"line":24,"column":22},"end":{"line":24,"column":45}}},"9":{"name":"(anonymous_10)","decl":{"start":{"line":25,"column":15},"end":{"line":25,"column":16}},"loc":{"start":{"line":25,"column":26},"end":{"line":25,"column":58}}},"10":{"name":"(anonymous_11)","decl":{"start":{"line":30,"column":11},"end":{"line":30,"column":12}},"loc":{"start":{"line":30,"column":22},"end":{"line":30,"column":45}}},"11":{"name":"(anonymous_12)","decl":{"start":{"line":31,"column":15},"end":{"line":31,"column":16}},"loc":{"start":{"line":31,"column":26},"end":{"line":31,"column":61}}},"12":{"name":"(anonymous_13)","decl":{"start":{"line":34,"column":16},"end":{"line":34,"column":17}},"loc":{"start":{"line":34,"column":27},"end":{"line":34,"column":49}}},"13":{"name":"(anonymous_14)","decl":{"start":{"line":39,"column":21},"end":{"line":39,"column":22}},"loc":{"start":{"line":39,"column":32},"end":{"line":39,"column":54}}},"14":{"name":"(anonymous_15)","decl":{"start":{"line":44,"column":24},"end":{"line":44,"column":25}},"loc":{"start":{"line":44,"column":35},"end":{"line":44,"column":64}}},"15":{"name":"(anonymous_16)","decl":{"start":{"line":45,"column":15},"end":{"line":45,"column":16}},"loc":{"start":{"line":45,"column":26},"end":{"line":45,"column":48}}},"16":{"name":"(anonymous_17)","decl":{"start":{"line":46,"column":21},"end":{"line":46,"column":22}},"loc":{"start":{"line":46,"column":32},"end":{"line":46,"column":59}}}},"branchMap":{},"s":{"0":1,"1":1,"2":3,"3":3,"4":3,"5":3,"6":3,"7":3,"8":1,"9":3,"10":3,"11":1,"12":3,"13":3,"14":1,"15":1,"16":1,"17":1,"18":1,"19":1,"20":1,"21":1},"f":{"0":3,"1":3,"2":3,"3":3,"4":3,"5":3,"6":3,"7":3,"8":3,"9":3,"10":1,"11":1,"12":1,"13":1,"14":1,"15":1,"16":1},"b":{}}
,"C:\\Users\\y.lui\\Desktop\\start\\spa_app\\src\\shared\\components\\button\\index.tsx": {"path":"C:\\Users\\y.lui\\Desktop\\start\\spa_app\\src\\shared\\components\\button\\index.tsx","statementMap":{"0":{"start":{"line":1,"column":0},"end":{"line":1,"column":52}},"1":{"start":{"line":3,"column":0},"end":{"line":3,"column":40}},"2":{"start":{"line":9,"column":45},"end":{"line":20,"column":1}},"3":{"start":{"line":13,"column":2},"end":{"line":19,"column":4}},"4":{"start":{"line":9,"column":13},"end":{"line":9,"column":45}}},"fnMap":{"0":{"name":"(anonymous_1)","decl":{"start":{"line":9,"column":45},"end":{"line":9,"column":46}},"loc":{"start":{"line":12,"column":5},"end":{"line":20,"column":1}}}},"branchMap":{},"s":{"0":2,"1":2,"2":2,"3":5,"4":2},"f":{"0":5},"b":{}}
,"C:\\Users\\y.lui\\Desktop\\start\\spa_app\\src\\shared\\components\\button\\styled.ts": {"path":"C:\\Users\\y.lui\\Desktop\\start\\spa_app\\src\\shared\\components\\button\\styled.ts","statementMap":{"0":{"start":{"line":1,"column":0},"end":{"line":1,"column":39}},"1":{"start":{"line":3,"column":13},"end":{"line":24,"column":2}},"2":{"start":{"line":4,"column":26},"end":{"line":4,"column":42}},"3":{"start":{"line":4,"column":61},"end":{"line":4,"column":77}},"4":{"start":{"line":5,"column":35},"end":{"line":5,"column":55}},"5":{"start":{"line":6,"column":24},"end":{"line":6,"column":42}},"6":{"start":{"line":8,"column":32},"end":{"line":8,"column":55}},"7":{"start":{"line":9,"column":30},"end":{"line":9,"column":49}},"8":{"start":{"line":13,"column":29},"end":{"line":13,"column":45}},"9":{"start":{"line":16,"column":37},"end":{"line":16,"column":59}},"10":{"start":{"line":18,"column":31},"end":{"line":18,"column":47}}},"fnMap":{"0":{"name":"(anonymous_1)","decl":{"start":{"line":4,"column":11},"end":{"line":4,"column":12}},"loc":{"start":{"line":4,"column":26},"end":{"line":4,"column":42}}},"1":{"name":"(anonymous_2)","decl":{"start":{"line":4,"column":46},"end":{"line":4,"column":47}},"loc":{"start":{"line":4,"column":61},"end":{"line":4,"column":77}}},"2":{"name":"(anonymous_3)","decl":{"start":{"line":5,"column":20},"end":{"line":5,"column":21}},"loc":{"start":{"line":5,"column":35},"end":{"line":5,"column":55}}},"3":{"name":"(anonymous_4)","decl":{"start":{"line":6,"column":9},"end":{"line":6,"column":10}},"loc":{"start":{"line":6,"column":24},"end":{"line":6,"column":42}}},"4":{"name":"(anonymous_5)","decl":{"start":{"line":8,"column":17},"end":{"line":8,"column":18}},"loc":{"start":{"line":8,"column":32},"end":{"line":8,"column":55}}},"5":{"name":"(anonymous_6)","decl":{"start":{"line":9,"column":15},"end":{"line":9,"column":16}},"loc":{"start":{"line":9,"column":30},"end":{"line":9,"column":49}}},"6":{"name":"(anonymous_7)","decl":{"start":{"line":13,"column":14},"end":{"line":13,"column":15}},"loc":{"start":{"line":13,"column":29},"end":{"line":13,"column":45}}},"7":{"name":"(anonymous_8)","decl":{"start":{"line":16,"column":22},"end":{"line":16,"column":23}},"loc":{"start":{"line":16,"column":37},"end":{"line":16,"column":59}}},"8":{"name":"(anonymous_9)","decl":{"start":{"line":18,"column":16},"end":{"line":18,"column":17}},"loc":{"start":{"line":18,"column":31},"end":{"line":18,"column":47}}}},"branchMap":{},"s":{"0":2,"1":2,"2":5,"3":5,"4":5,"5":5,"6":5,"7":5,"8":5,"9":5,"10":5},"f":{"0":5,"1":5,"2":5,"3":5,"4":5,"5":5,"6":5,"7":5,"8":5},"b":{}}
,"C:\\Users\\y.lui\\Desktop\\start\\spa_app\\src\\shared\\components\\drawer\\index.tsx": {"path":"C:\\Users\\y.lui\\Desktop\\start\\spa_app\\src\\shared\\components\\drawer\\index.tsx","statementMap":{"0":{"start":{"line":1,"column":0},"end":{"line":1,"column":41}},"1":{"start":{"line":3,"column":0},"end":{"line":3,"column":111}},"2":{"start":{"line":12,"column":54},"end":{"line":42,"column":1}},"3":{"start":{"line":18,"column":2},"end":{"line":27,"column":15}},"4":{"start":{"line":19,"column":4},"end":{"line":23,"column":5}},"5":{"start":{"line":20,"column":6},"end":{"line":20,"column":46}},"6":{"start":{"line":22,"column":6},"end":{"line":22,"column":40}},"7":{"start":{"line":24,"column":4},"end":{"line":26,"column":6}},"8":{"start":{"line":25,"column":6},"end":{"line":25,"column":40}},"9":{"start":{"line":29,"column":2},"end":{"line":41,"column":4}},"10":{"start":{"line":12,"column":13},"end":{"line":12,"column":54}}},"fnMap":{"0":{"name":"(anonymous_9)","decl":{"start":{"line":12,"column":54},"end":{"line":12,"column":55}},"loc":{"start":{"line":17,"column":5},"end":{"line":42,"column":1}}},"1":{"name":"(anonymous_10)","decl":{"start":{"line":18,"column":12},"end":{"line":18,"column":15}},"loc":{"start":{"line":18,"column":17},"end":{"line":27,"column":3}}},"2":{"name":"(anonymous_11)","decl":{"start":{"line":24,"column":11},"end":{"line":24,"column":14}},"loc":{"start":{"line":24,"column":16},"end":{"line":26,"column":5}}}},"branchMap":{"0":{"loc":{"start":{"line":15,"column":2},"end":{"line":15,"column":17}},"type":"default-arg","locations":[{"start":{"line":15,"column":10},"end":{"line":15,"column":17}}]},"1":{"loc":{"start":{"line":19,"column":4},"end":{"line":23,"column":5}},"type":"if","locations":[{"start":{"line":19,"column":4},"end":{"line":23,"column":5}},{"start":{"line":21,"column":11},"end":{"line":23,"column":5}}]}},"s":{"0":1,"1":1,"2":1,"3":9,"4":9,"5":6,"6":3,"7":9,"8":9,"9":9,"10":1},"f":{"0":9,"1":9,"2":9},"b":{"0":[0],"1":[6,3]}}
,"C:\\Users\\y.lui\\Desktop\\start\\spa_app\\src\\shared\\components\\drawer\\styled.ts": {"path":"C:\\Users\\y.lui\\Desktop\\start\\spa_app\\src\\shared\\components\\drawer\\styled.ts","statementMap":{"0":{"start":{"line":1,"column":0},"end":{"line":1,"column":39}},"1":{"start":{"line":3,"column":13},"end":{"line":14,"column":2}},"2":{"start":{"line":11,"column":22},"end":{"line":11,"column":43}},"3":{"start":{"line":12,"column":25},"end":{"line":12,"column":61}},"4":{"start":{"line":16,"column":13},"end":{"line":33,"column":2}},"5":{"start":{"line":21,"column":20},"end":{"line":21,"column":32}},"6":{"start":{"line":22,"column":31},"end":{"line":22,"column":60}},"7":{"start":{"line":23,"column":25},"end":{"line":23,"column":47}},"8":{"start":{"line":25,"column":35},"end":{"line":25,"column":63}},"9":{"start":{"line":30,"column":32},"end":{"line":30,"column":62}},"10":{"start":{"line":35,"column":13},"end":{"line":40,"column":2}},"11":{"start":{"line":36,"column":22},"end":{"line":36,"column":44}},"12":{"start":{"line":39,"column":38},"end":{"line":39,"column":63}},"13":{"start":{"line":42,"column":13},"end":{"line":48,"column":2}},"14":{"start":{"line":46,"column":22},"end":{"line":46,"column":44}},"15":{"start":{"line":47,"column":22},"end":{"line":47,"column":44}},"16":{"start":{"line":50,"column":13},"end":{"line":54,"column":2}},"17":{"start":{"line":52,"column":20},"end":{"line":52,"column":43}},"18":{"start":{"line":56,"column":13},"end":{"line":60,"column":2}},"19":{"start":{"line":57,"column":22},"end":{"line":57,"column":44}}},"fnMap":{"0":{"name":"(anonymous_1)","decl":{"start":{"line":11,"column":13},"end":{"line":11,"column":18}},"loc":{"start":{"line":11,"column":22},"end":{"line":11,"column":43}}},"1":{"name":"(anonymous_2)","decl":{"start":{"line":12,"column":16},"end":{"line":12,"column":21}},"loc":{"start":{"line":12,"column":25},"end":{"line":12,"column":61}}},"2":{"name":"(anonymous_3)","decl":{"start":{"line":21,"column":11},"end":{"line":21,"column":16}},"loc":{"start":{"line":21,"column":20},"end":{"line":21,"column":32}}},"3":{"name":"(anonymous_4)","decl":{"start":{"line":22,"column":22},"end":{"line":22,"column":27}},"loc":{"start":{"line":22,"column":31},"end":{"line":22,"column":60}}},"4":{"name":"(anonymous_5)","decl":{"start":{"line":23,"column":16},"end":{"line":23,"column":21}},"loc":{"start":{"line":23,"column":25},"end":{"line":23,"column":47}}},"5":{"name":"(anonymous_6)","decl":{"start":{"line":25,"column":26},"end":{"line":25,"column":31}},"loc":{"start":{"line":25,"column":35},"end":{"line":25,"column":63}}},"6":{"name":"(anonymous_7)","decl":{"start":{"line":30,"column":23},"end":{"line":30,"column":28}},"loc":{"start":{"line":30,"column":32},"end":{"line":30,"column":62}}},"7":{"name":"(anonymous_8)","decl":{"start":{"line":36,"column":13},"end":{"line":36,"column":18}},"loc":{"start":{"line":36,"column":22},"end":{"line":36,"column":44}}},"8":{"name":"(anonymous_9)","decl":{"start":{"line":39,"column":29},"end":{"line":39,"column":34}},"loc":{"start":{"line":39,"column":38},"end":{"line":39,"column":63}}},"9":{"name":"(anonymous_10)","decl":{"start":{"line":46,"column":13},"end":{"line":46,"column":18}},"loc":{"start":{"line":46,"column":22},"end":{"line":46,"column":44}}},"10":{"name":"(anonymous_11)","decl":{"start":{"line":47,"column":13},"end":{"line":47,"column":18}},"loc":{"start":{"line":47,"column":22},"end":{"line":47,"column":44}}},"11":{"name":"(anonymous_12)","decl":{"start":{"line":52,"column":11},"end":{"line":52,"column":16}},"loc":{"start":{"line":52,"column":20},"end":{"line":52,"column":43}}},"12":{"name":"(anonymous_13)","decl":{"start":{"line":57,"column":13},"end":{"line":57,"column":18}},"loc":{"start":{"line":57,"column":22},"end":{"line":57,"column":44}}}},"branchMap":{"0":{"loc":{"start":{"line":11,"column":22},"end":{"line":11,"column":43}},"type":"cond-expr","locations":[{"start":{"line":11,"column":38},"end":{"line":11,"column":39}},{"start":{"line":11,"column":42},"end":{"line":11,"column":43}}]},"1":{"loc":{"start":{"line":12,"column":25},"end":{"line":12,"column":61}},"type":"cond-expr","locations":[{"start":{"line":12,"column":41},"end":{"line":12,"column":50}},{"start":{"line":12,"column":53},"end":{"line":12,"column":61}}]},"2":{"loc":{"start":{"line":25,"column":35},"end":{"line":25,"column":63}},"type":"cond-expr","locations":[{"start":{"line":25,"column":51},"end":{"line":25,"column":54}},{"start":{"line":25,"column":57},"end":{"line":25,"column":63}}]}},"s":{"0":1,"1":1,"2":9,"3":9,"4":1,"5":9,"6":9,"7":9,"8":9,"9":9,"10":1,"11":9,"12":9,"13":1,"14":9,"15":9,"16":1,"17":9,"18":1,"19":9},"f":{"0":9,"1":9,"2":9,"3":9,"4":9,"5":9,"6":9,"7":9,"8":9,"9":9,"10":9,"11":9,"12":9},"b":{"0":[6,3],"1":[6,3],"2":[6,3]}}
,"C:\\Users\\y.lui\\Desktop\\start\\spa_app\\src\\shared\\components\\input\\index.tsx": {"path":"C:\\Users\\y.lui\\Desktop\\start\\spa_app\\src\\shared\\components\\input\\index.tsx","statementMap":{"0":{"start":{"line":1,"column":0},"end":{"line":1,"column":42}},"1":{"start":{"line":3,"column":0},"end":{"line":3,"column":98}},"2":{"start":{"line":14,"column":14},"end":{"line":38,"column":null}},"3":{"start":{"line":27,"column":4},"end":{"line":37,"column":6}},"4":{"start":{"line":41,"column":0},"end":{"line":41,"column":28}},"5":{"start":{"line":43,"column":0},"end":{"line":43,"column":21}}},"fnMap":{"0":{"name":"(anonymous_9)","decl":{"start":{"line":15,"column":2},"end":{"line":15,"column":null}},"loc":{"start":{"line":26,"column":6},"end":{"line":38,"column":3}}}},"branchMap":{"0":{"loc":{"start":{"line":21,"column":6},"end":{"line":21,"column":25}},"type":"default-arg","locations":[{"start":{"line":21,"column":16},"end":{"line":21,"column":25}}]},"1":{"loc":{"start":{"line":29,"column":9},"end":{"line":29,"column":40}},"type":"binary-expr","locations":[{"start":{"line":29,"column":9},"end":{"line":29,"column":14}},{"start":{"line":29,"column":18},"end":{"line":29,"column":40}}]},"2":{"loc":{"start":{"line":31,"column":11},"end":{"line":31,"column":68}},"type":"binary-expr","locations":[{"start":{"line":31,"column":11},"end":{"line":31,"column":25}},{"start":{"line":31,"column":29},"end":{"line":31,"column":68}}]},"3":{"loc":{"start":{"line":33,"column":11},"end":{"line":33,"column":64}},"type":"binary-expr","locations":[{"start":{"line":33,"column":11},"end":{"line":33,"column":23}},{"start":{"line":33,"column":27},"end":{"line":33,"column":64}}]},"4":{"loc":{"start":{"line":35,"column":9},"end":{"line":35,"column":48}},"type":"binary-expr","locations":[{"start":{"line":35,"column":9},"end":{"line":35,"column":14}},{"start":{"line":35,"column":18},"end":{"line":35,"column":48}}]}},"s":{"0":1,"1":1,"2":1,"3":7,"4":1,"5":1},"f":{"0":7},"b":{"0":[7],"1":[7,1],"2":[7,1],"3":[7,1],"4":[7,1]}}
,"C:\\Users\\y.lui\\Desktop\\start\\spa_app\\src\\shared\\components\\input\\styled.ts": {"path":"C:\\Users\\y.lui\\Desktop\\start\\spa_app\\src\\shared\\components\\input\\styled.ts","statementMap":{"0":{"start":{"line":1,"column":0},"end":{"line":1,"column":48}},"1":{"start":{"line":3,"column":13},"end":{"line":7,"column":2}},"2":{"start":{"line":9,"column":13},"end":{"line":15,"column":2}},"3":{"start":{"line":10,"column":34},"end":{"line":10,"column":50}},"4":{"start":{"line":11,"column":32},"end":{"line":11,"column":51}},"5":{"start":{"line":12,"column":30},"end":{"line":12,"column":59}},"6":{"start":{"line":13,"column":32},"end":{"line":13,"column":58}},"7":{"start":{"line":14,"column":26},"end":{"line":14,"column":43}},"8":{"start":{"line":17,"column":13},"end":{"line":41,"column":2}},"9":{"start":{"line":22,"column":8},"end":{"line":22,"column":60}},"10":{"start":{"line":23,"column":34},"end":{"line":23,"column":57}},"11":{"start":{"line":25,"column":8},"end":{"line":25,"column":66}},"12":{"start":{"line":29,"column":30},"end":{"line":33,"column":null}},"13":{"start":{"line":37,"column":8},"end":{"line":37,"column":61}},"14":{"start":{"line":39,"column":8},"end":{"line":39,"column":75}},"15":{"start":{"line":43,"column":13},"end":{"line":64,"column":2}},"16":{"start":{"line":45,"column":28},"end":{"line":45,"column":69}},"17":{"start":{"line":48,"column":32},"end":{"line":48,"column":51}},"18":{"start":{"line":49,"column":30},"end":{"line":49,"column":56}},"19":{"start":{"line":50,"column":32},"end":{"line":50,"column":60}},"20":{"start":{"line":51,"column":26},"end":{"line":51,"column":43}},"21":{"start":{"line":56,"column":28},"end":{"line":56,"column":47}},"22":{"start":{"line":61,"column":39},"end":{"line":61,"column":57}},"23":{"start":{"line":66,"column":13},"end":{"line":71,"column":2}},"24":{"start":{"line":69,"column":30},"end":{"line":69,"column":46}},"25":{"start":{"line":70,"column":26},"end":{"line":70,"column":45}},"26":{"start":{"line":73,"column":13},"end":{"line":78,"column":2}},"27":{"start":{"line":74,"column":26},"end":{"line":74,"column":44}},"28":{"start":{"line":75,"column":32},"end":{"line":75,"column":51}},"29":{"start":{"line":76,"column":30},"end":{"line":76,"column":59}},"30":{"start":{"line":77,"column":31},"end":{"line":77,"column":47}}},"fnMap":{"0":{"name":"(anonymous_9)","decl":{"start":{"line":10,"column":19},"end":{"line":10,"column":20}},"loc":{"start":{"line":10,"column":34},"end":{"line":10,"column":50}}},"1":{"name":"(anonymous_10)","decl":{"start":{"line":11,"column":17},"end":{"line":11,"column":18}},"loc":{"start":{"line":11,"column":32},"end":{"line":11,"column":51}}},"2":{"name":"(anonymous_11)","decl":{"start":{"line":12,"column":15},"end":{"line":12,"column":16}},"loc":{"start":{"line":12,"column":30},"end":{"line":12,"column":59}}},"3":{"name":"(anonymous_12)","decl":{"start":{"line":13,"column":17},"end":{"line":13,"column":18}},"loc":{"start":{"line":13,"column":32},"end":{"line":13,"column":58}}},"4":{"name":"(anonymous_13)","decl":{"start":{"line":14,"column":11},"end":{"line":14,"column":12}},"loc":{"start":{"line":14,"column":26},"end":{"line":14,"column":43}}},"5":{"name":"(anonymous_14)","decl":{"start":{"line":21,"column":22},"end":{"line":21,"column":23}},"loc":{"start":{"line":22,"column":8},"end":{"line":22,"column":60}}},"6":{"name":"(anonymous_15)","decl":{"start":{"line":23,"column":19},"end":{"line":23,"column":20}},"loc":{"start":{"line":23,"column":34},"end":{"line":23,"column":57}}},"7":{"name":"(anonymous_16)","decl":{"start":{"line":24,"column":22},"end":{"line":24,"column":23}},"loc":{"start":{"line":25,"column":8},"end":{"line":25,"column":66}}},"8":{"name":"(anonymous_17)","decl":{"start":{"line":29,"column":4},"end":{"line":29,"column":5}},"loc":{"start":{"line":29,"column":30},"end":{"line":33,"column":null}}},"9":{"name":"(anonymous_18)","decl":{"start":{"line":36,"column":20},"end":{"line":36,"column":21}},"loc":{"start":{"line":37,"column":8},"end":{"line":37,"column":61}}},"10":{"name":"(anonymous_19)","decl":{"start":{"line":38,"column":28},"end":{"line":38,"column":29}},"loc":{"start":{"line":39,"column":8},"end":{"line":39,"column":75}}},"11":{"name":"(anonymous_20)","decl":{"start":{"line":45,"column":13},"end":{"line":45,"column":14}},"loc":{"start":{"line":45,"column":28},"end":{"line":45,"column":69}}},"12":{"name":"(anonymous_21)","decl":{"start":{"line":48,"column":17},"end":{"line":48,"column":18}},"loc":{"start":{"line":48,"column":32},"end":{"line":48,"column":51}}},"13":{"name":"(anonymous_22)","decl":{"start":{"line":49,"column":15},"end":{"line":49,"column":16}},"loc":{"start":{"line":49,"column":30},"end":{"line":49,"column":56}}},"14":{"name":"(anonymous_23)","decl":{"start":{"line":50,"column":17},"end":{"line":50,"column":18}},"loc":{"start":{"line":50,"column":32},"end":{"line":50,"column":60}}},"15":{"name":"(anonymous_24)","decl":{"start":{"line":51,"column":11},"end":{"line":51,"column":12}},"loc":{"start":{"line":51,"column":26},"end":{"line":51,"column":43}}},"16":{"name":"(anonymous_25)","decl":{"start":{"line":56,"column":13},"end":{"line":56,"column":14}},"loc":{"start":{"line":56,"column":28},"end":{"line":56,"column":47}}},"17":{"name":"(anonymous_26)","decl":{"start":{"line":61,"column":24},"end":{"line":61,"column":25}},"loc":{"start":{"line":61,"column":39},"end":{"line":61,"column":57}}},"18":{"name":"(anonymous_27)","decl":{"start":{"line":69,"column":15},"end":{"line":69,"column":16}},"loc":{"start":{"line":69,"column":30},"end":{"line":69,"column":46}}},"19":{"name":"(anonymous_28)","decl":{"start":{"line":70,"column":11},"end":{"line":70,"column":12}},"loc":{"start":{"line":70,"column":26},"end":{"line":70,"column":45}}},"20":{"name":"(anonymous_29)","decl":{"start":{"line":74,"column":11},"end":{"line":74,"column":12}},"loc":{"start":{"line":74,"column":26},"end":{"line":74,"column":44}}},"21":{"name":"(anonymous_30)","decl":{"start":{"line":75,"column":17},"end":{"line":75,"column":18}},"loc":{"start":{"line":75,"column":32},"end":{"line":75,"column":51}}},"22":{"name":"(anonymous_31)","decl":{"start":{"line":76,"column":15},"end":{"line":76,"column":16}},"loc":{"start":{"line":76,"column":30},"end":{"line":76,"column":59}}},"23":{"name":"(anonymous_32)","decl":{"start":{"line":77,"column":16},"end":{"line":77,"column":17}},"loc":{"start":{"line":77,"column":31},"end":{"line":77,"column":47}}}},"branchMap":{"0":{"loc":{"start":{"line":22,"column":8},"end":{"line":22,"column":60}},"type":"cond-expr","locations":[{"start":{"line":22,"column":20},"end":{"line":22,"column":38}},{"start":{"line":22,"column":41},"end":{"line":22,"column":60}}]},"1":{"loc":{"start":{"line":25,"column":8},"end":{"line":25,"column":66}},"type":"cond-expr","locations":[{"start":{"line":25,"column":32},"end":{"line":25,"column":50}},{"start":{"line":25,"column":53},"end":{"line":25,"column":66}}]},"2":{"loc":{"start":{"line":29,"column":30},"end":{"line":33,"column":null}},"type":"binary-expr","locations":[{"start":{"line":29,"column":30},"end":{"line":29,"column":40}},{"start":{"line":29,"column":44},"end":{"line":33,"column":null}}]},"3":{"loc":{"start":{"line":37,"column":8},"end":{"line":37,"column":61}},"type":"cond-expr","locations":[{"start":{"line":37,"column":20},"end":{"line":37,"column":38}},{"start":{"line":37,"column":41},"end":{"line":37,"column":61}}]},"4":{"loc":{"start":{"line":39,"column":8},"end":{"line":39,"column":75}},"type":"cond-expr","locations":[{"start":{"line":39,"column":20},"end":{"line":39,"column":45}},{"start":{"line":39,"column":48},"end":{"line":39,"column":75}}]}},"s":{"0":1,"1":1,"2":1,"3":1,"4":1,"5":1,"6":1,"7":1,"8":1,"9":7,"10":7,"11":7,"12":7,"13":7,"14":7,"15":1,"16":7,"17":7,"18":7,"19":7,"20":7,"21":7,"22":7,"23":1,"24":2,"25":2,"26":1,"27":1,"28":1,"29":1,"30":1},"f":{"0":1,"1":1,"2":1,"3":1,"4":1,"5":7,"6":7,"7":7,"8":7,"9":7,"10":7,"11":7,"12":7,"13":7,"14":7,"15":7,"16":7,"17":7,"18":2,"19":2,"20":1,"21":1,"22":1,"23":1},"b":{"0":[1,6],"1":[0,7],"2":[7,6],"3":[1,6],"4":[1,6]}}
,"C:\\Users\\y.lui\\Desktop\\start\\spa_app\\src\\shared\\components\\loading\\index.tsx": {"path":"C:\\Users\\y.lui\\Desktop\\start\\spa_app\\src\\shared\\components\\loading\\index.tsx","statementMap":{"0":{"start":{"line":1,"column":0},"end":{"line":1,"column":93}},"1":{"start":{"line":11,"column":23},"end":{"line":33,"column":1}},"2":{"start":{"line":17,"column":20},"end":{"line":17,"column":66}},"3":{"start":{"line":19,"column":4},"end":{"line":32,"column":6}},"4":{"start":{"line":11,"column":13},"end":{"line":11,"column":23}}},"fnMap":{"0":{"name":"(anonymous_0)","decl":{"start":{"line":11,"column":23},"end":{"line":11,"column":24}},"loc":{"start":{"line":16,"column":19},"end":{"line":33,"column":1}}}},"branchMap":{"0":{"loc":{"start":{"line":12,"column":4},"end":{"line":12,"column":23}},"type":"default-arg","locations":[{"start":{"line":12,"column":11},"end":{"line":12,"column":23}}]},"1":{"loc":{"start":{"line":13,"column":4},"end":{"line":13,"column":22}},"type":"default-arg","locations":[{"start":{"line":13,"column":17},"end":{"line":13,"column":22}}]},"2":{"loc":{"start":{"line":14,"column":4},"end":{"line":14,"column":23}},"type":"default-arg","locations":[{"start":{"line":14,"column":14},"end":{"line":14,"column":23}}]},"3":{"loc":{"start":{"line":15,"column":4},"end":{"line":15,"column":13}},"type":"default-arg","locations":[{"start":{"line":15,"column":11},"end":{"line":15,"column":13}}]},"4":{"loc":{"start":{"line":17,"column":20},"end":{"line":17,"column":66}},"type":"cond-expr","locations":[{"start":{"line":17,"column":33},"end":{"line":17,"column":47}},{"start":{"line":17,"column":50},"end":{"line":17,"column":66}}]},"5":{"loc":{"start":{"line":20,"column":30},"end":{"line":20,"column":79}},"type":"cond-expr","locations":[{"start":{"line":20,"column":43},"end":{"line":20,"column":61}},{"start":{"line":20,"column":64},"end":{"line":20,"column":79}}]},"6":{"loc":{"start":{"line":21,"column":13},"end":{"line":28,"column":null}},"type":"cond-expr","locations":[{"start":{"line":22,"column":16},"end":{"line":22,"column":87}},{"start":{"line":24,"column":16},"end":{"line":27,"column":null}}]},"7":{"loc":{"start":{"line":30,"column":13},"end":{"line":30,"column":81}},"type":"binary-expr","locations":[{"start":{"line":30,"column":13},"end":{"line":30,"column":17}},{"start":{"line":30,"column":21},"end":{"line":30,"column":81}}]}},"s":{"0":1,"1":1,"2":6,"3":6,"4":1},"f":{"0":6},"b":{"0":[4],"1":[5],"2":[5],"3":[5],"4":[1,5],"5":[1,5],"6":[5,1],"7":[6,5]}}
,"C:\\Users\\y.lui\\Desktop\\start\\spa_app\\src\\shared\\components\\loading\\styled.ts": {"path":"C:\\Users\\y.lui\\Desktop\\start\\spa_app\\src\\shared\\components\\loading\\styled.ts","statementMap":{"0":{"start":{"line":1,"column":0},"end":{"line":1,"column":54}},"1":{"start":{"line":3,"column":13},"end":{"line":6,"column":2}},"2":{"start":{"line":8,"column":13},"end":{"line":14,"column":2}},"3":{"start":{"line":13,"column":24},"end":{"line":13,"column":40}},"4":{"start":{"line":17,"column":13},"end":{"line":24,"column":2}},"5":{"start":{"line":20,"column":37},"end":{"line":20,"column":57}},"6":{"start":{"line":21,"column":41},"end":{"line":21,"column":61}},"7":{"start":{"line":22,"column":34},"end":{"line":22,"column":57}},"8":{"start":{"line":27,"column":13},"end":{"line":30,"column":2}},"9":{"start":{"line":32,"column":13},"end":{"line":50,"column":2}},"10":{"start":{"line":34,"column":24},"end":{"line":34,"column":40}},"11":{"start":{"line":39,"column":39},"end":{"line":39,"column":59}},"12":{"start":{"line":40,"column":36},"end":{"line":40,"column":59}},"13":{"start":{"line":53,"column":13},"end":{"line":58,"column":2}},"14":{"start":{"line":54,"column":26},"end":{"line":54,"column":43}},"15":{"start":{"line":55,"column":30},"end":{"line":55,"column":56}},"16":{"start":{"line":56,"column":32},"end":{"line":56,"column":58}},"17":{"start":{"line":57,"column":32},"end":{"line":57,"column":51}},"18":{"start":{"line":61,"column":13},"end":{"line":69,"column":2}},"19":{"start":{"line":67,"column":37},"end":{"line":67,"column":60}}},"fnMap":{"0":{"name":"(anonymous_9)","decl":{"start":{"line":13,"column":9},"end":{"line":13,"column":10}},"loc":{"start":{"line":13,"column":24},"end":{"line":13,"column":40}}},"1":{"name":"(anonymous_10)","decl":{"start":{"line":20,"column":22},"end":{"line":20,"column":23}},"loc":{"start":{"line":20,"column":37},"end":{"line":20,"column":57}}},"2":{"name":"(anonymous_11)","decl":{"start":{"line":21,"column":26},"end":{"line":21,"column":27}},"loc":{"start":{"line":21,"column":41},"end":{"line":21,"column":61}}},"3":{"name":"(anonymous_12)","decl":{"start":{"line":22,"column":19},"end":{"line":22,"column":20}},"loc":{"start":{"line":22,"column":34},"end":{"line":22,"column":57}}},"4":{"name":"(anonymous_13)","decl":{"start":{"line":34,"column":9},"end":{"line":34,"column":10}},"loc":{"start":{"line":34,"column":24},"end":{"line":34,"column":40}}},"5":{"name":"(anonymous_14)","decl":{"start":{"line":39,"column":24},"end":{"line":39,"column":25}},"loc":{"start":{"line":39,"column":39},"end":{"line":39,"column":59}}},"6":{"name":"(anonymous_15)","decl":{"start":{"line":40,"column":21},"end":{"line":40,"column":22}},"loc":{"start":{"line":40,"column":36},"end":{"line":40,"column":59}}},"7":{"name":"(anonymous_16)","decl":{"start":{"line":54,"column":11},"end":{"line":54,"column":12}},"loc":{"start":{"line":54,"column":26},"end":{"line":54,"column":43}}},"8":{"name":"(anonymous_17)","decl":{"start":{"line":55,"column":15},"end":{"line":55,"column":16}},"loc":{"start":{"line":55,"column":30},"end":{"line":55,"column":56}}},"9":{"name":"(anonymous_18)","decl":{"start":{"line":56,"column":17},"end":{"line":56,"column":18}},"loc":{"start":{"line":56,"column":32},"end":{"line":56,"column":58}}},"10":{"name":"(anonymous_19)","decl":{"start":{"line":57,"column":17},"end":{"line":57,"column":18}},"loc":{"start":{"line":57,"column":32},"end":{"line":57,"column":51}}},"11":{"name":"(anonymous_20)","decl":{"start":{"line":67,"column":22},"end":{"line":67,"column":23}},"loc":{"start":{"line":67,"column":37},"end":{"line":67,"column":60}}}},"branchMap":{},"s":{"0":1,"1":1,"2":1,"3":6,"4":1,"5":5,"6":5,"7":5,"8":1,"9":1,"10":1,"11":1,"12":1,"13":1,"14":5,"15":5,"16":5,"17":5,"18":1,"19":1},"f":{"0":6,"1":5,"2":5,"3":5,"4":1,"5":1,"6":1,"7":5,"8":5,"9":5,"10":5,"11":1},"b":{}}
,"C:\\Users\\y.lui\\Desktop\\start\\spa_app\\src\\shared\\components\\pagination\\index.tsx": {"path":"C:\\Users\\y.lui\\Desktop\\start\\spa_app\\src\\shared\\components\\pagination\\index.tsx","statementMap":{"0":{"start":{"line":2,"column":0},"end":{"line":2,"column":40}},"1":{"start":{"line":4,"column":0},"end":{"line":4,"column":114}},"2":{"start":{"line":18,"column":46},"end":{"line":137,"column":1}},"3":{"start":{"line":27,"column":36},"end":{"line":27,"column":48}},"4":{"start":{"line":29,"column":25},"end":{"line":39,"column":3}},"5":{"start":{"line":30,"column":17},"end":{"line":30,"column":48}},"6":{"start":{"line":31,"column":16},"end":{"line":31,"column":47}},"7":{"start":{"line":32,"column":14},"end":{"line":32,"column":63}},"8":{"start":{"line":34,"column":4},"end":{"line":36,"column":5}},"9":{"start":{"line":35,"column":6},"end":{"line":35,"column":53}},"10":{"start":{"line":38,"column":4},"end":{"line":38,"column":72}},"11":{"start":{"line":38,"column":61},"end":{"line":38,"column":70}},"12":{"start":{"line":41,"column":27},"end":{"line":45,"column":3}},"13":{"start":{"line":42,"column":4},"end":{"line":44,"column":5}},"14":{"start":{"line":43,"column":6},"end":{"line":43,"column":25}},"15":{"start":{"line":47,"column":28},"end":{"line":52,"column":3}},"16":{"start":{"line":48,"column":20},"end":{"line":48,"column":28}},"17":{"start":{"line":49,"column":4},"end":{"line":51,"column":5}},"18":{"start":{"line":50,"column":6},"end":{"line":50,"column":26}},"19":{"start":{"line":54,"column":28},"end":{"line":63,"column":3}},"20":{"start":{"line":55,"column":4},"end":{"line":55,"column":23}},"21":{"start":{"line":56,"column":4},"end":{"line":61,"column":5}},"22":{"start":{"line":57,"column":19},"end":{"line":57,"column":42}},"23":{"start":{"line":58,"column":6},"end":{"line":60,"column":7}},"24":{"start":{"line":59,"column":8},"end":{"line":59,"column":31}},"25":{"start":{"line":62,"column":4},"end":{"line":62,"column":21}},"26":{"start":{"line":65,"column":22},"end":{"line":65,"column":38}},"27":{"start":{"line":67,"column":2},"end":{"line":136,"column":4}},"28":{"start":{"line":71,"column":25},"end":{"line":71,"column":44}},"29":{"start":{"line":81,"column":25},"end":{"line":81,"column":58}},"30":{"start":{"line":90,"column":8},"end":{"line":91,"column":null}},"31":{"start":{"line":93,"column":25},"end":{"line":93,"column":47}},"32":{"start":{"line":103,"column":25},"end":{"line":103,"column":58}},"33":{"start":{"line":113,"column":25},"end":{"line":113,"column":53}},"34":{"start":{"line":139,"column":0},"end":{"line":139,"column":26}}},"fnMap":{"0":{"name":"(anonymous_9)","decl":{"start":{"line":18,"column":46},"end":{"line":18,"column":47}},"loc":{"start":{"line":26,"column":5},"end":{"line":137,"column":1}}},"1":{"name":"(anonymous_10)","decl":{"start":{"line":29,"column":25},"end":{"line":29,"column":28}},"loc":{"start":{"line":29,"column":30},"end":{"line":39,"column":3}}},"2":{"name":"(anonymous_11)","decl":{"start":{"line":38,"column":51},"end":{"line":38,"column":52}},"loc":{"start":{"line":38,"column":61},"end":{"line":38,"column":70}}},"3":{"name":"(anonymous_12)","decl":{"start":{"line":41,"column":27},"end":{"line":41,"column":28}},"loc":{"start":{"line":41,"column":44},"end":{"line":45,"column":3}}},"4":{"name":"(anonymous_13)","decl":{"start":{"line":47,"column":28},"end":{"line":47,"column":29}},"loc":{"start":{"line":47,"column":71},"end":{"line":52,"column":3}}},"5":{"name":"(anonymous_14)","decl":{"start":{"line":54,"column":28},"end":{"line":54,"column":29}},"loc":{"start":{"line":54,"column":51},"end":{"line":63,"column":3}}},"6":{"name":"(anonymous_15)","decl":{"start":{"line":71,"column":19},"end":{"line":71,"column":22}},"loc":{"start":{"line":71,"column":25},"end":{"line":71,"column":44}}},"7":{"name":"(anonymous_16)","decl":{"start":{"line":81,"column":19},"end":{"line":81,"column":22}},"loc":{"start":{"line":81,"column":25},"end":{"line":81,"column":58}}},"8":{"name":"(anonymous_17)","decl":{"start":{"line":89,"column":23},"end":{"line":89,"column":24}},"loc":{"start":{"line":90,"column":8},"end":{"line":91,"column":null}}},"9":{"name":"(anonymous_18)","decl":{"start":{"line":93,"column":19},"end":{"line":93,"column":22}},"loc":{"start":{"line":93,"column":25},"end":{"line":93,"column":47}}},"10":{"name":"(anonymous_19)","decl":{"start":{"line":103,"column":19},"end":{"line":103,"column":22}},"loc":{"start":{"line":103,"column":25},"end":{"line":103,"column":58}}},"11":{"name":"(anonymous_20)","decl":{"start":{"line":113,"column":19},"end":{"line":113,"column":22}},"loc":{"start":{"line":113,"column":25},"end":{"line":113,"column":53}}}},"branchMap":{"0":{"loc":{"start":{"line":22,"column":2},"end":{"line":22,"column":21}},"type":"default-arg","locations":[{"start":{"line":22,"column":20},"end":{"line":22,"column":21}}]},"1":{"loc":{"start":{"line":23,"column":2},"end":{"line":23,"column":21}},"type":"default-arg","locations":[{"start":{"line":23,"column":17},"end":{"line":23,"column":21}}]},"2":{"loc":{"start":{"line":24,"column":2},"end":{"line":24,"column":22}},"type":"default-arg","locations":[{"start":{"line":24,"column":18},"end":{"line":24,"column":22}}]},"3":{"loc":{"start":{"line":34,"column":4},"end":{"line":36,"column":5}},"type":"if","locations":[{"start":{"line":34,"column":4},"end":{"line":36,"column":5}},{"start":{},"end":{}}]},"4":{"loc":{"start":{"line":42,"column":4},"end":{"line":44,"column":5}},"type":"if","locations":[{"start":{"line":42,"column":4},"end":{"line":44,"column":5}},{"start":{},"end":{}}]},"5":{"loc":{"start":{"line":42,"column":8},"end":{"line":42,"column":63}},"type":"binary-expr","locations":[{"start":{"line":42,"column":8},"end":{"line":42,"column":17}},{"start":{"line":42,"column":21},"end":{"line":42,"column":39}},{"start":{"line":42,"column":43},"end":{"line":42,"column":63}}]},"6":{"loc":{"start":{"line":49,"column":4},"end":{"line":51,"column":5}},"type":"if","locations":[{"start":{"line":49,"column":4},"end":{"line":51,"column":5}},{"start":{},"end":{}}]},"7":{"loc":{"start":{"line":49,"column":8},"end":{"line":49,"column":48}},"type":"binary-expr","locations":[{"start":{"line":49,"column":8},"end":{"line":49,"column":20}},{"start":{"line":49,"column":24},"end":{"line":49,"column":48}}]},"8":{"loc":{"start":{"line":56,"column":4},"end":{"line":61,"column":5}},"type":"if","locations":[{"start":{"line":56,"column":4},"end":{"line":61,"column":5}},{"start":{},"end":{}}]},"9":{"loc":{"start":{"line":58,"column":6},"end":{"line":60,"column":7}},"type":"if","locations":[{"start":{"line":58,"column":6},"end":{"line":60,"column":7}},{"start":{},"end":{}}]},"10":{"loc":{"start":{"line":58,"column":10},"end":{"line":58,"column":41}},"type":"binary-expr","locations":[{"start":{"line":58,"column":10},"end":{"line":58,"column":19}},{"start":{"line":58,"column":23},"end":{"line":58,"column":41}}]},"11":{"loc":{"start":{"line":69,"column":7},"end":{"line":76,"column":null}},"type":"binary-expr","locations":[{"start":{"line":69,"column":7},"end":{"line":69,"column":20}},{"start":{"line":70,"column":8},"end":{"line":73,"column":null}}]},"12":{"loc":{"start":{"line":79,"column":7},"end":{"line":86,"column":null}},"type":"binary-expr","locations":[{"start":{"line":79,"column":7},"end":{"line":79,"column":19}},{"start":{"line":80,"column":8},"end":{"line":83,"column":null}}]},"13":{"loc":{"start":{"line":94,"column":24},"end":{"line":94,"column":65}},"type":"cond-expr","locations":[{"start":{"line":94,"column":47},"end":{"line":94,"column":53}},{"start":{"line":94,"column":56},"end":{"line":94,"column":65}}]},"14":{"loc":{"start":{"line":101,"column":7},"end":{"line":108,"column":null}},"type":"binary-expr","locations":[{"start":{"line":101,"column":7},"end":{"line":101,"column":19}},{"start":{"line":102,"column":8},"end":{"line":105,"column":null}}]},"15":{"loc":{"start":{"line":111,"column":7},"end":{"line":118,"column":null}},"type":"binary-expr","locations":[{"start":{"line":111,"column":7},"end":{"line":111,"column":20}},{"start":{"line":112,"column":8},"end":{"line":115,"column":null}}]}},"s":{"0":1,"1":1,"2":1,"3":13,"4":13,"5":13,"6":13,"7":13,"8":13,"9":0,"10":13,"11":65,"12":13,"13":5,"14":5,"15":13,"16":4,"17":4,"18":2,"19":13,"20":2,"21":2,"22":2,"23":2,"24":1,"25":2,"26":13,"27":13,"28":1,"29":1,"30":65,"31":0,"32":1,"33":1,"34":1},"f":{"0":13,"1":13,"2":65,"3":5,"4":4,"5":2,"6":1,"7":1,"8":65,"9":0,"10":1,"11":1},"b":{"0":[12],"1":[10],"2":[10],"3":[0,13],"4":[5,0],"5":[5,5,5],"6":[2,2],"7":[4,4],"8":[2,0],"9":[1,1],"10":[2,2],"11":[13,12],"12":[13,12],"13":[13,52],"14":[13,12],"15":[13,12]}}
,"C:\\Users\\y.lui\\Desktop\\start\\spa_app\\src\\shared\\components\\pagination\\styled.ts": {"path":"C:\\Users\\y.lui\\Desktop\\start\\spa_app\\src\\shared\\components\\pagination\\styled.ts","statementMap":{"0":{"start":{"line":2,"column":0},"end":{"line":2,"column":39}},"1":{"start":{"line":4,"column":13},"end":{"line":11,"column":2}},"2":{"start":{"line":13,"column":13},"end":{"line":36,"column":2}},"3":{"start":{"line":15,"column":31},"end":{"line":15,"column":57}},"4":{"start":{"line":16,"column":31},"end":{"line":18,"column":13}},"5":{"start":{"line":19,"column":20},"end":{"line":19,"column":52}},"6":{"start":{"line":25,"column":33},"end":{"line":25,"column":58}},"7":{"start":{"line":38,"column":13},"end":{"line":41,"column":2}},"8":{"start":{"line":43,"column":13},"end":{"line":49,"column":2}},"9":{"start":{"line":46,"column":31},"end":{"line":46,"column":56}},"10":{"start":{"line":51,"column":13},"end":{"line":55,"column":2}},"11":{"start":{"line":53,"column":26},"end":{"line":53,"column":58}},"12":{"start":{"line":54,"column":20},"end":{"line":54,"column":43}}},"fnMap":{"0":{"name":"(anonymous_1)","decl":{"start":{"line":15,"column":22},"end":{"line":15,"column":27}},"loc":{"start":{"line":15,"column":31},"end":{"line":15,"column":57}}},"1":{"name":"(anonymous_2)","decl":{"start":{"line":16,"column":22},"end":{"line":16,"column":27}},"loc":{"start":{"line":16,"column":31},"end":{"line":18,"column":13}}},"2":{"name":"(anonymous_3)","decl":{"start":{"line":19,"column":11},"end":{"line":19,"column":16}},"loc":{"start":{"line":19,"column":20},"end":{"line":19,"column":52}}},"3":{"name":"(anonymous_4)","decl":{"start":{"line":25,"column":24},"end":{"line":25,"column":29}},"loc":{"start":{"line":25,"column":33},"end":{"line":25,"column":58}}},"4":{"name":"(anonymous_5)","decl":{"start":{"line":46,"column":22},"end":{"line":46,"column":27}},"loc":{"start":{"line":46,"column":31},"end":{"line":46,"column":56}}},"5":{"name":"(anonymous_6)","decl":{"start":{"line":53,"column":17},"end":{"line":53,"column":22}},"loc":{"start":{"line":53,"column":26},"end":{"line":53,"column":58}}},"6":{"name":"(anonymous_7)","decl":{"start":{"line":54,"column":11},"end":{"line":54,"column":16}},"loc":{"start":{"line":54,"column":20},"end":{"line":54,"column":43}}}},"branchMap":{"0":{"loc":{"start":{"line":16,"column":31},"end":{"line":18,"column":13}},"type":"cond-expr","locations":[{"start":{"line":17,"column":6},"end":{"line":17,"column":32}},{"start":{"line":18,"column":6},"end":{"line":18,"column":13}}]},"1":{"loc":{"start":{"line":19,"column":20},"end":{"line":19,"column":52}},"type":"cond-expr","locations":[{"start":{"line":19,"column":36},"end":{"line":19,"column":43}},{"start":{"line":19,"column":46},"end":{"line":19,"column":52}}]}},"s":{"0":1,"1":1,"2":1,"3":126,"4":126,"5":126,"6":126,"7":1,"8":1,"9":13,"10":1,"11":13,"12":13},"f":{"0":126,"1":126,"2":126,"3":126,"4":13,"5":13,"6":13},"b":{"0":[13,113],"1":[13,113]}}
,"C:\\Users\\y.lui\\Desktop\\start\\spa_app\\src\\shared\\components\\select\\index.tsx": {"path":"C:\\Users\\y.lui\\Desktop\\start\\spa_app\\src\\shared\\components\\select\\index.tsx","statementMap":{"0":{"start":{"line":1,"column":0},"end":{"line":1,"column":42}},"1":{"start":{"line":3,"column":0},"end":{"line":3,"column":74}},"2":{"start":{"line":23,"column":15},"end":{"line":75,"column":null}},"3":{"start":{"line":35,"column":25},"end":{"line":37,"column":5}},"4":{"start":{"line":36,"column":6},"end":{"line":36,"column":33}},"5":{"start":{"line":39,"column":4},"end":{"line":74,"column":6}},"6":{"start":{"line":61,"column":14},"end":{"line":62,"column":null}},"7":{"start":{"line":78,"column":0},"end":{"line":78,"column":30}},"8":{"start":{"line":80,"column":0},"end":{"line":80,"column":22}}},"fnMap":{"0":{"name":"(anonymous_9)","decl":{"start":{"line":24,"column":2},"end":{"line":24,"column":3}},"loc":{"start":{"line":33,"column":12},"end":{"line":75,"column":3}}},"1":{"name":"(anonymous_10)","decl":{"start":{"line":35,"column":25},"end":{"line":35,"column":26}},"loc":{"start":{"line":35,"column":69},"end":{"line":37,"column":5}}},"2":{"name":"(anonymous_11)","decl":{"start":{"line":60,"column":25},"end":{"line":60,"column":26}},"loc":{"start":{"line":61,"column":14},"end":{"line":62,"column":null}}}},"branchMap":{"0":{"loc":{"start":{"line":32,"column":4},"end":{"line":32,"column":23}},"type":"default-arg","locations":[{"start":{"line":32,"column":14},"end":{"line":32,"column":23}}]},"1":{"loc":{"start":{"line":41,"column":9},"end":{"line":41,"column":40}},"type":"binary-expr","locations":[{"start":{"line":41,"column":9},"end":{"line":41,"column":14}},{"start":{"line":41,"column":18},"end":{"line":41,"column":40}}]},"2":{"loc":{"start":{"line":51,"column":24},"end":{"line":51,"column":44}},"type":"binary-expr","locations":[{"start":{"line":51,"column":24},"end":{"line":51,"column":29}},{"start":{"line":51,"column":33},"end":{"line":51,"column":44}}]},"3":{"loc":{"start":{"line":55,"column":13},"end":{"line":58,"column":null}},"type":"binary-expr","locations":[{"start":{"line":55,"column":13},"end":{"line":55,"column":24}},{"start":{"line":56,"column":14},"end":{"line":57,"column":null}}]}},"s":{"0":1,"1":1,"2":1,"3":7,"4":1,"5":7,"6":21,"7":1,"8":1},"f":{"0":7,"1":1,"2":21},"b":{"0":[7],"1":[7,1],"2":[7,6],"3":[7,2]}}
,"C:\\Users\\y.lui\\Desktop\\start\\spa_app\\src\\shared\\components\\select\\styled.ts": {"path":"C:\\Users\\y.lui\\Desktop\\start\\spa_app\\src\\shared\\components\\select\\styled.ts","statementMap":{"0":{"start":{"line":1,"column":0},"end":{"line":1,"column":39}},"1":{"start":{"line":3,"column":13},"end":{"line":8,"column":2}},"2":{"start":{"line":10,"column":13},"end":{"line":18,"column":null}},"3":{"start":{"line":11,"column":33},"end":{"line":11,"column":49}},"4":{"start":{"line":13,"column":26},"end":{"line":13,"column":43}},"5":{"start":{"line":15,"column":34},"end":{"line":15,"column":50}},"6":{"start":{"line":16,"column":30},"end":{"line":16,"column":59}},"7":{"start":{"line":17,"column":32},"end":{"line":17,"column":58}},"8":{"start":{"line":20,"column":13},"end":{"line":55,"column":2}},"9":{"start":{"line":25,"column":28},"end":{"line":25,"column":44}},"10":{"start":{"line":25,"column":63},"end":{"line":25,"column":79}},"11":{"start":{"line":26,"column":37},"end":{"line":26,"column":56}},"12":{"start":{"line":27,"column":34},"end":{"line":27,"column":57}},"13":{"start":{"line":29,"column":4},"end":{"line":29,"column":72}},"14":{"start":{"line":30,"column":26},"end":{"line":30,"column":43}},"15":{"start":{"line":31,"column":32},"end":{"line":31,"column":51}},"16":{"start":{"line":32,"column":30},"end":{"line":32,"column":56}},"17":{"start":{"line":41,"column":39},"end":{"line":41,"column":57}},"18":{"start":{"line":46,"column":35},"end":{"line":46,"column":55}},"19":{"start":{"line":47,"column":43},"end":{"line":47,"column":63}},"20":{"start":{"line":51,"column":35},"end":{"line":51,"column":54}},"21":{"start":{"line":57,"column":13},"end":{"line":72,"column":2}}},"fnMap":{"0":{"name":"(anonymous_1)","decl":{"start":{"line":11,"column":18},"end":{"line":11,"column":19}},"loc":{"start":{"line":11,"column":33},"end":{"line":11,"column":49}}},"1":{"name":"(anonymous_2)","decl":{"start":{"line":13,"column":11},"end":{"line":13,"column":12}},"loc":{"start":{"line":13,"column":26},"end":{"line":13,"column":43}}},"2":{"name":"(anonymous_3)","decl":{"start":{"line":15,"column":19},"end":{"line":15,"column":20}},"loc":{"start":{"line":15,"column":34},"end":{"line":15,"column":50}}},"3":{"name":"(anonymous_4)","decl":{"start":{"line":16,"column":15},"end":{"line":16,"column":16}},"loc":{"start":{"line":16,"column":30},"end":{"line":16,"column":59}}},"4":{"name":"(anonymous_5)","decl":{"start":{"line":17,"column":17},"end":{"line":17,"column":18}},"loc":{"start":{"line":17,"column":32},"end":{"line":17,"column":58}}},"5":{"name":"(anonymous_6)","decl":{"start":{"line":25,"column":13},"end":{"line":25,"column":14}},"loc":{"start":{"line":25,"column":28},"end":{"line":25,"column":44}}},"6":{"name":"(anonymous_7)","decl":{"start":{"line":25,"column":48},"end":{"line":25,"column":49}},"loc":{"start":{"line":25,"column":63},"end":{"line":25,"column":79}}},"7":{"name":"(anonymous_8)","decl":{"start":{"line":26,"column":22},"end":{"line":26,"column":23}},"loc":{"start":{"line":26,"column":37},"end":{"line":26,"column":56}}},"8":{"name":"(anonymous_9)","decl":{"start":{"line":27,"column":19},"end":{"line":27,"column":20}},"loc":{"start":{"line":27,"column":34},"end":{"line":27,"column":57}}},"9":{"name":"(anonymous_10)","decl":{"start":{"line":28,"column":22},"end":{"line":28,"column":23}},"loc":{"start":{"line":29,"column":4},"end":{"line":29,"column":72}}},"10":{"name":"(anonymous_11)","decl":{"start":{"line":30,"column":11},"end":{"line":30,"column":12}},"loc":{"start":{"line":30,"column":26},"end":{"line":30,"column":43}}},"11":{"name":"(anonymous_12)","decl":{"start":{"line":31,"column":17},"end":{"line":31,"column":18}},"loc":{"start":{"line":31,"column":32},"end":{"line":31,"column":51}}},"12":{"name":"(anonymous_13)","decl":{"start":{"line":32,"column":15},"end":{"line":32,"column":16}},"loc":{"start":{"line":32,"column":30},"end":{"line":32,"column":56}}},"13":{"name":"(anonymous_14)","decl":{"start":{"line":41,"column":24},"end":{"line":41,"column":25}},"loc":{"start":{"line":41,"column":39},"end":{"line":41,"column":57}}},"14":{"name":"(anonymous_15)","decl":{"start":{"line":46,"column":20},"end":{"line":46,"column":21}},"loc":{"start":{"line":46,"column":35},"end":{"line":46,"column":55}}},"15":{"name":"(anonymous_16)","decl":{"start":{"line":47,"column":28},"end":{"line":47,"column":29}},"loc":{"start":{"line":47,"column":43},"end":{"line":47,"column":63}}},"16":{"name":"(anonymous_17)","decl":{"start":{"line":51,"column":20},"end":{"line":51,"column":21}},"loc":{"start":{"line":51,"column":35},"end":{"line":51,"column":54}}}},"branchMap":{"0":{"loc":{"start":{"line":29,"column":4},"end":{"line":29,"column":72}},"type":"cond-expr","locations":[{"start":{"line":29,"column":28},"end":{"line":29,"column":46}},{"start":{"line":29,"column":49},"end":{"line":29,"column":72}}]}},"s":{"0":1,"1":1,"2":1,"3":1,"4":1,"5":1,"6":1,"7":1,"8":1,"9":7,"10":7,"11":7,"12":7,"13":7,"14":7,"15":7,"16":7,"17":7,"18":7,"19":7,"20":7,"21":1},"f":{"0":1,"1":1,"2":1,"3":1,"4":1,"5":7,"6":7,"7":7,"8":7,"9":7,"10":7,"11":7,"12":7,"13":7,"14":7,"15":7,"16":7},"b":{"0":[0,7]}}
,"C:\\Users\\y.lui\\Desktop\\start\\spa_app\\src\\shared\\store\\restaurant\\restaurantsSaga.ts": {"path":"C:\\Users\\y.lui\\Desktop\\start\\spa_app\\src\\shared\\store\\restaurant\\restaurantsSaga.ts","statementMap":{"0":{"start":{"line":8,"column":0},"end":{"line":8,"column":15}},"1":{"start":{"line":21,"column":0},"end":{"line":21,"column":15}},"2":{"start":{"line":1,"column":0},"end":{"line":1,"column":59}},"3":{"start":{"line":5,"column":0},"end":{"line":5,"column":65}},"4":{"start":{"line":6,"column":0},"end":{"line":6,"column":76}},"5":{"start":{"line":10,"column":2},"end":{"line":18,"column":3}},"6":{"start":{"line":11,"column":21},"end":{"line":11,"column":35}},"7":{"start":{"line":12,"column":50},"end":{"line":12,"column":96}},"8":{"start":{"line":13,"column":4},"end":{"line":13,"column":41}},"9":{"start":{"line":15,"column":4},"end":{"line":17,"column":7}},"10":{"start":{"line":23,"column":2},"end":{"line":23,"column":58}}},"fnMap":{"0":{"name":"fetchRestaurantsSaga","decl":{"start":{"line":8,"column":17},"end":{"line":8,"column":37}},"loc":{"start":{"line":8,"column":75},"end":{"line":19,"column":1}}},"1":{"name":"watchFetchRestaurants","decl":{"start":{"line":21,"column":17},"end":{"line":21,"column":38}},"loc":{"start":{"line":21,"column":38},"end":{"line":24,"column":1}}}},"branchMap":{"0":{"loc":{"start":{"line":16,"column":6},"end":{"line":16,"column":62}},"type":"cond-expr","locations":[{"start":{"line":16,"column":31},"end":{"line":16,"column":44}},{"start":{"line":16,"column":47},"end":{"line":16,"column":62}}]}},"s":{"0":1,"1":1,"2":1,"3":1,"4":1,"5":3,"6":3,"7":3,"8":1,"9":2,"10":1},"f":{"0":3,"1":1},"b":{"0":[1,1]}}
,"C:\\Users\\y.lui\\Desktop\\start\\spa_app\\src\\shared\\store\\restaurant\\restaurantsSlice.ts": {"path":"C:\\Users\\y.lui\\Desktop\\start\\spa_app\\src\\shared\\store\\restaurant\\restaurantsSlice.ts","statementMap":{"0":{"start":{"line":2,"column":0},"end":{"line":2,"column":62}},"1":{"start":{"line":28,"column":39},"end":{"line":50,"column":2}},"2":{"start":{"line":52,"column":14},"end":{"line":101,"column":2}},"3":{"start":{"line":57,"column":6},"end":{"line":57,"column":27}},"4":{"start":{"line":58,"column":6},"end":{"line":58,"column":25}},"5":{"start":{"line":59,"column":6},"end":{"line":59,"column":38}},"6":{"start":{"line":62,"column":6},"end":{"line":62,"column":46}},"7":{"start":{"line":63,"column":6},"end":{"line":63,"column":28}},"8":{"start":{"line":66,"column":6},"end":{"line":66,"column":60}},"9":{"start":{"line":67,"column":6},"end":{"line":67,"column":28}},"10":{"start":{"line":70,"column":6},"end":{"line":70,"column":49}},"11":{"start":{"line":73,"column":6},"end":{"line":73,"column":78}},"12":{"start":{"line":76,"column":6},"end":{"line":76,"column":78}},"13":{"start":{"line":77,"column":6},"end":{"line":77,"column":null}},"14":{"start":{"line":78,"column":6},"end":{"line":78,"column":null}},"15":{"start":{"line":81,"column":21},"end":{"line":81,"column":35}},"16":{"start":{"line":82,"column":6},"end":{"line":82,"column":39}},"17":{"start":{"line":83,"column":6},"end":{"line":83,"column":81}},"18":{"start":{"line":86,"column":21},"end":{"line":86,"column":35}},"19":{"start":{"line":87,"column":6},"end":{"line":87,"column":39}},"20":{"start":{"line":88,"column":6},"end":{"line":88,"column":41}},"21":{"start":{"line":91,"column":6},"end":{"line":91,"column":39}},"22":{"start":{"line":92,"column":6},"end":{"line":92,"column":44}},"23":{"start":{"line":95,"column":6},"end":{"line":95,"column":52}},"24":{"start":{"line":98,"column":6},"end":{"line":98,"column":38}},"25":{"start":{"line":103,"column":13},"end":{"line":114,"column":null}},"26":{"start":{"line":116,"column":0},"end":{"line":116,"column":29}}},"fnMap":{"0":{"name":"(anonymous_0)","decl":{"start":{"line":56,"column":4},"end":{"line":56,"column":14}},"loc":{"start":{"line":56,"column":51},"end":{"line":60,"column":5}}},"1":{"name":"(anonymous_1)","decl":{"start":{"line":61,"column":4},"end":{"line":61,"column":16}},"loc":{"start":{"line":61,"column":71},"end":{"line":64,"column":5}}},"2":{"name":"(anonymous_2)","decl":{"start":{"line":65,"column":4},"end":{"line":65,"column":16}},"loc":{"start":{"line":65,"column":53},"end":{"line":68,"column":5}}},"3":{"name":"(anonymous_3)","decl":{"start":{"line":69,"column":4},"end":{"line":69,"column":18}},"loc":{"start":{"line":69,"column":55},"end":{"line":71,"column":5}}},"4":{"name":"(anonymous_4)","decl":{"start":{"line":72,"column":4},"end":{"line":72,"column":16}},"loc":{"start":{"line":72,"column":22},"end":{"line":74,"column":5}}},"5":{"name":"(anonymous_5)","decl":{"start":{"line":75,"column":4},"end":{"line":75,"column":19}},"loc":{"start":{"line":75,"column":25},"end":{"line":79,"column":5}}},"6":{"name":"(anonymous_6)","decl":{"start":{"line":80,"column":4},"end":{"line":80,"column":16}},"loc":{"start":{"line":80,"column":57},"end":{"line":84,"column":5}}},"7":{"name":"(anonymous_7)","decl":{"start":{"line":85,"column":4},"end":{"line":85,"column":19}},"loc":{"start":{"line":85,"column":56},"end":{"line":89,"column":5}}},"8":{"name":"(anonymous_8)","decl":{"start":{"line":90,"column":4},"end":{"line":90,"column":17}},"loc":{"start":{"line":90,"column":58},"end":{"line":93,"column":5}}},"9":{"name":"(anonymous_9)","decl":{"start":{"line":94,"column":20},"end":{"line":94,"column":21}},"loc":{"start":{"line":94,"column":61},"end":{"line":96,"column":5}}},"10":{"name":"(anonymous_10)","decl":{"start":{"line":97,"column":17},"end":{"line":97,"column":18}},"loc":{"start":{"line":97,"column":58},"end":{"line":99,"column":5}}}},"branchMap":{},"s":{"0":2,"1":2,"2":2,"3":1,"4":1,"5":1,"6":1,"7":1,"8":1,"9":1,"10":1,"11":1,"12":1,"13":1,"14":1,"15":2,"16":2,"17":2,"18":1,"19":1,"20":1,"21":1,"22":1,"23":1,"24":1,"25":2,"26":2},"f":{"0":1,"1":1,"2":1,"3":1,"4":1,"5":1,"6":2,"7":1,"8":1,"9":1,"10":1},"b":{}}
,"C:\\Users\\y.lui\\Desktop\\start\\spa_app\\src\\shared\\store\\restaurant\\selector.ts": {"path":"C:\\Users\\y.lui\\Desktop\\start\\spa_app\\src\\shared\\store\\restaurant\\selector.ts","statementMap":{"0":{"start":{"line":1,"column":0},"end":{"line":1,"column":50}},"1":{"start":{"line":9,"column":22},"end":{"line":9,"column":66}},"2":{"start":{"line":9,"column":44},"end":{"line":9,"column":66}},"3":{"start":{"line":10,"column":22},"end":{"line":10,"column":69}},"4":{"start":{"line":10,"column":44},"end":{"line":10,"column":69}},"5":{"start":{"line":11,"column":25},"end":{"line":11,"column":75}},"6":{"start":{"line":11,"column":47},"end":{"line":11,"column":75}},"7":{"start":{"line":12,"column":13},"end":{"line":59,"column":2}},"8":{"start":{"line":16,"column":25},"end":{"line":17,"column":null}},"9":{"start":{"line":17,"column":6},"end":{"line":17,"column":79}},"10":{"start":{"line":21,"column":28},"end":{"line":23,"column":38}},"11":{"start":{"line":22,"column":33},"end":{"line":22,"column":41}},"12":{"start":{"line":23,"column":21},"end":{"line":23,"column":37}},"13":{"start":{"line":25,"column":21},"end":{"line":39,"column":20}},"14":{"start":{"line":27,"column":8},"end":{"line":37,"column":11}},"15":{"start":{"line":28,"column":10},"end":{"line":36,"column":11}},"16":{"start":{"line":29,"column":35},"end":{"line":29,"column":71}},"17":{"start":{"line":30,"column":34},"end":{"line":30,"column":70}},"18":{"start":{"line":31,"column":30},"end":{"line":31,"column":71}},"19":{"start":{"line":32,"column":29},"end":{"line":32,"column":68}},"20":{"start":{"line":33,"column":31},"end":{"line":33,"column":62}},"21":{"start":{"line":34,"column":24},"end":{"line":34,"column":48}},"22":{"start":{"line":35,"column":21},"end":{"line":35,"column":33}},"23":{"start":{"line":42,"column":4},"end":{"line":57,"column":7}},"24":{"start":{"line":43,"column":6},"end":{"line":56,"column":7}},"25":{"start":{"line":45,"column":10},"end":{"line":45,"column":19}},"26":{"start":{"line":47,"column":10},"end":{"line":47,"column":73}},"27":{"start":{"line":49,"column":10},"end":{"line":49,"column":null}},"28":{"start":{"line":51,"column":10},"end":{"line":51,"column":null}},"29":{"start":{"line":53,"column":10},"end":{"line":53,"column":null}},"30":{"start":{"line":55,"column":10},"end":{"line":55,"column":19}},"31":{"start":{"line":61,"column":13},"end":{"line":68,"column":2}},"32":{"start":{"line":64,"column":38},"end":{"line":64,"column":48}},"33":{"start":{"line":65,"column":18},"end":{"line":65,"column":46}},"34":{"start":{"line":66,"column":4},"end":{"line":66,"column":51}},"35":{"start":{"line":69,"column":13},"end":{"line":77,"column":2}},"36":{"start":{"line":71,"column":29},"end":{"line":76,"column":4}}},"fnMap":{"0":{"name":"(anonymous_0)","decl":{"start":{"line":9,"column":22},"end":{"line":9,"column":23}},"loc":{"start":{"line":9,"column":44},"end":{"line":9,"column":66}}},"1":{"name":"(anonymous_1)","decl":{"start":{"line":10,"column":22},"end":{"line":10,"column":23}},"loc":{"start":{"line":10,"column":44},"end":{"line":10,"column":69}}},"2":{"name":"(anonymous_2)","decl":{"start":{"line":11,"column":25},"end":{"line":11,"column":26}},"loc":{"start":{"line":11,"column":47},"end":{"line":11,"column":75}}},"3":{"name":"(anonymous_3)","decl":{"start":{"line":14,"column":2},"end":{"line":14,"column":3}},"loc":{"start":{"line":14,"column":20},"end":{"line":58,"column":3}}},"4":{"name":"(anonymous_4)","decl":{"start":{"line":16,"column":37},"end":{"line":16,"column":38}},"loc":{"start":{"line":17,"column":6},"end":{"line":17,"column":79}}},"5":{"name":"(anonymous_5)","decl":{"start":{"line":22,"column":14},"end":{"line":22,"column":15}},"loc":{"start":{"line":22,"column":33},"end":{"line":22,"column":41}}},"6":{"name":"(anonymous_6)","decl":{"start":{"line":23,"column":11},"end":{"line":23,"column":12}},"loc":{"start":{"line":23,"column":21},"end":{"line":23,"column":37}}},"7":{"name":"(anonymous_7)","decl":{"start":{"line":26,"column":28},"end":{"line":26,"column":29}},"loc":{"start":{"line":26,"column":55},"end":{"line":38,"column":7}}},"8":{"name":"(anonymous_8)","decl":{"start":{"line":27,"column":37},"end":{"line":27,"column":45}},"loc":{"start":{"line":27,"column":48},"end":{"line":37,"column":9}}},"9":{"name":"(anonymous_9)","decl":{"start":{"line":42,"column":30},"end":{"line":42,"column":31}},"loc":{"start":{"line":42,"column":39},"end":{"line":57,"column":5}}},"10":{"name":"(anonymous_10)","decl":{"start":{"line":63,"column":2},"end":{"line":63,"column":3}},"loc":{"start":{"line":63,"column":27},"end":{"line":67,"column":3}}},"11":{"name":"(anonymous_11)","decl":{"start":{"line":71,"column":2},"end":{"line":71,"column":3}},"loc":{"start":{"line":71,"column":29},"end":{"line":76,"column":4}}}},"branchMap":{"0":{"loc":{"start":{"line":25,"column":21},"end":{"line":39,"column":20}},"type":"cond-expr","locations":[{"start":{"line":26,"column":8},"end":{"line":38,"column":8}},{"start":{"line":39,"column":8},"end":{"line":39,"column":20}}]},"1":{"loc":{"start":{"line":28,"column":10},"end":{"line":36,"column":11}},"type":"switch","locations":[{"start":{"line":29,"column":12},"end":{"line":29,"column":71}},{"start":{"line":30,"column":12},"end":{"line":30,"column":70}},{"start":{"line":31,"column":12},"end":{"line":31,"column":71}},{"start":{"line":32,"column":12},"end":{"line":32,"column":68}},{"start":{"line":33,"column":12},"end":{"line":33,"column":62}},{"start":{"line":34,"column":12},"end":{"line":34,"column":48}},{"start":{"line":35,"column":12},"end":{"line":35,"column":33}}]},"2":{"loc":{"start":{"line":43,"column":6},"end":{"line":56,"column":7}},"type":"switch","locations":[{"start":{"line":44,"column":8},"end":{"line":45,"column":19}},{"start":{"line":46,"column":8},"end":{"line":47,"column":73}},{"start":{"line":48,"column":8},"end":{"line":49,"column":null}},{"start":{"line":50,"column":8},"end":{"line":51,"column":null}},{"start":{"line":52,"column":8},"end":{"line":53,"column":null}},{"start":{"line":54,"column":8},"end":{"line":55,"column":19}}]},"3":{"loc":{"start":{"line":47,"column":18},"end":{"line":47,"column":42}},"type":"binary-expr","locations":[{"start":{"line":47,"column":18},"end":{"line":47,"column":37}},{"start":{"line":47,"column":41},"end":{"line":47,"column":42}}]},"4":{"loc":{"start":{"line":47,"column":47},"end":{"line":47,"column":71}},"type":"binary-expr","locations":[{"start":{"line":47,"column":47},"end":{"line":47,"column":66}},{"start":{"line":47,"column":70},"end":{"line":47,"column":71}}]},"5":{"loc":{"start":{"line":49,"column":18},"end":{"line":49,"column":62}},"type":"binary-expr","locations":[{"start":{"line":49,"column":18},"end":{"line":49,"column":50}},{"start":{"line":49,"column":54},"end":{"line":49,"column":62}}]},"6":{"loc":{"start":{"line":49,"column":67},"end":{"line":49,"column":111}},"type":"binary-expr","locations":[{"start":{"line":49,"column":67},"end":{"line":49,"column":99}},{"start":{"line":49,"column":103},"end":{"line":49,"column":111}}]},"7":{"loc":{"start":{"line":51,"column":18},"end":{"line":51,"column":45}},"type":"binary-expr","locations":[{"start":{"line":51,"column":18},"end":{"line":51,"column":40}},{"start":{"line":51,"column":44},"end":{"line":51,"column":45}}]},"8":{"loc":{"start":{"line":51,"column":50},"end":{"line":51,"column":77}},"type":"binary-expr","locations":[{"start":{"line":51,"column":50},"end":{"line":51,"column":72}},{"start":{"line":51,"column":76},"end":{"line":51,"column":77}}]},"9":{"loc":{"start":{"line":53,"column":18},"end":{"line":53,"column":37}},"type":"binary-expr","locations":[{"start":{"line":53,"column":18},"end":{"line":53,"column":32}},{"start":{"line":53,"column":36},"end":{"line":53,"column":37}}]},"10":{"loc":{"start":{"line":53,"column":42},"end":{"line":53,"column":61}},"type":"binary-expr","locations":[{"start":{"line":53,"column":42},"end":{"line":53,"column":56}},{"start":{"line":53,"column":60},"end":{"line":53,"column":61}}]}},"s":{"0":1,"1":1,"2":8,"3":1,"4":8,"5":1,"6":6,"7":1,"8":5,"9":10,"10":5,"11":30,"12":3,"13":5,"14":3,"15":5,"16":0,"17":0,"18":2,"19":0,"20":0,"21":3,"22":0,"23":5,"24":2,"25":1,"26":0,"27":1,"28":0,"29":0,"30":0,"31":1,"32":2,"33":2,"34":2,"35":1,"36":2},"f":{"0":8,"1":8,"2":6,"3":5,"4":10,"5":30,"6":3,"7":3,"8":5,"9":2,"10":2,"11":2},"b":{"0":[2,3],"1":[0,0,2,0,0,3,0],"2":[1,0,1,0,0,0],"3":[0,0],"4":[0,0],"5":[1,0],"6":[1,0],"7":[0,0],"8":[0,0],"9":[0,0],"10":[0,0]}}
,"C:\\Users\\y.lui\\Desktop\\start\\spa_app\\src\\shared\\theme\\index.ts": {"path":"C:\\Users\\y.lui\\Desktop\\start\\spa_app\\src\\shared\\theme\\index.ts","statementMap":{"0":{"start":{"line":4,"column":28},"end":{"line":87,"column":2}},"1":{"start":{"line":89,"column":0},"end":{"line":89,"column":21}}},"fnMap":{},"branchMap":{},"s":{"0":7,"1":7},"f":{},"b":{}}
,"C:\\Users\\y.lui\\Desktop\\start\\spa_app\\src\\shared\\utils\\test-utils.tsx": {"path":"C:\\Users\\y.lui\\Desktop\\start\\spa_app\\src\\shared\\utils\\test-utils.tsx","statementMap":{"0":{"start":{"line":2,"column":0},"end":{"line":2,"column":43}},"1":{"start":{"line":3,"column":0},"end":{"line":3,"column":49}},"2":{"start":{"line":4,"column":0},"end":{"line":4,"column":75}},"3":{"start":{"line":6,"column":0},"end":{"line":6,"column":28}},"4":{"start":{"line":9,"column":24},"end":{"line":11,"column":1}},"5":{"start":{"line":10,"column":2},"end":{"line":10,"column":null}},"6":{"start":{"line":13,"column":21},"end":{"line":16,"column":60}},"7":{"start":{"line":16,"column":5},"end":{"line":16,"column":60}},"8":{"start":{"line":21,"column":25},"end":{"line":21,"column":31}},"9":{"start":{"line":19,"column":0},"end":{"line":19,"column":38}}},"fnMap":{"0":{"name":"(anonymous_5)","decl":{"start":{"line":9,"column":24},"end":{"line":9,"column":25}},"loc":{"start":{"line":9,"column":72},"end":{"line":11,"column":1}}},"1":{"name":"(anonymous_6)","decl":{"start":{"line":13,"column":21},"end":{"line":13,"column":null}},"loc":{"start":{"line":16,"column":5},"end":{"line":16,"column":60}}}},"branchMap":{},"s":{"0":7,"1":7,"2":7,"3":7,"4":7,"5":45,"6":7,"7":41,"8":7,"9":7},"f":{"0":45,"1":41},"b":{}}
}
