TN:
SF:src\shared\__mock__\restaurantMock.ts
FNF:0
FNH:0
DA:4,3
LF:1
LH:1
BRF:0
BRH:0
end_of_record
TN:
SF:src\shared\api\restaurants.ts
FN:5,(anonymous_1)
FNF:1
FNH:0
FNDA:0,(anonymous_1)
DA:1,1
DA:5,1
DA:8,0
DA:11,0
DA:14,1
LF:5
LH:3
BRF:0
BRH:0
end_of_record
TN:
SF:src\shared\components\ErrorView\index.tsx
FN:14,(anonymous_0)
FNF:1
FNH:1
FNDA:3,(anonymous_0)
DA:3,1
DA:4,1
DA:14,1
DA:21,3
DA:23,3
LF:5
LH:5
BRDA:18,0,0,2
BRDA:19,1,0,2
BRDA:28,2,0,3
BRDA:28,2,1,1
BRDA:35,3,0,3
BRDA:35,3,1,1
BRF:6
BRH:6
end_of_record
TN:
SF:src\shared\components\ErrorView\styled.ts
FN:8,(anonymous_1)
FN:9,(anonymous_2)
FN:11,(anonymous_3)
FN:12,(anonymous_4)
FN:13,(anonymous_5)
FN:14,(anonymous_6)
FN:18,(anonymous_7)
FN:19,(anonymous_8)
FN:24,(anonymous_9)
FN:25,(anonymous_10)
FN:30,(anonymous_11)
FN:31,(anonymous_12)
FN:34,(anonymous_13)
FN:39,(anonymous_14)
FN:44,(anonymous_15)
FN:45,(anonymous_16)
FN:46,(anonymous_17)
FNF:17
FNH:17
FNDA:3,(anonymous_1)
FNDA:3,(anonymous_2)
FNDA:3,(anonymous_3)
FNDA:3,(anonymous_4)
FNDA:3,(anonymous_5)
FNDA:3,(anonymous_6)
FNDA:3,(anonymous_7)
FNDA:3,(anonymous_8)
FNDA:3,(anonymous_9)
FNDA:3,(anonymous_10)
FNDA:1,(anonymous_11)
FNDA:1,(anonymous_12)
FNDA:1,(anonymous_13)
FNDA:1,(anonymous_14)
FNDA:1,(anonymous_15)
FNDA:1,(anonymous_16)
FNDA:1,(anonymous_17)
DA:1,1
DA:3,1
DA:8,3
DA:9,3
DA:11,3
DA:12,3
DA:13,3
DA:14,3
DA:17,1
DA:18,3
DA:19,3
DA:23,1
DA:24,3
DA:25,3
DA:29,1
DA:30,1
DA:31,1
DA:34,1
DA:39,1
DA:44,1
DA:45,1
DA:46,1
LF:22
LH:22
BRF:0
BRH:0
end_of_record
TN:
SF:src\shared\components\button\index.tsx
FN:9,(anonymous_1)
FNF:1
FNH:1
FNDA:5,(anonymous_1)
DA:1,2
DA:3,2
DA:9,2
DA:13,5
LF:4
LH:4
BRF:0
BRH:0
end_of_record
TN:
SF:src\shared\components\button\styled.ts
FN:4,(anonymous_1)
FN:4,(anonymous_2)
FN:5,(anonymous_3)
FN:6,(anonymous_4)
FN:8,(anonymous_5)
FN:9,(anonymous_6)
FN:13,(anonymous_7)
FN:16,(anonymous_8)
FN:18,(anonymous_9)
FNF:9
FNH:9
FNDA:5,(anonymous_1)
FNDA:5,(anonymous_2)
FNDA:5,(anonymous_3)
FNDA:5,(anonymous_4)
FNDA:5,(anonymous_5)
FNDA:5,(anonymous_6)
FNDA:5,(anonymous_7)
FNDA:5,(anonymous_8)
FNDA:5,(anonymous_9)
DA:1,2
DA:3,2
DA:4,5
DA:5,5
DA:6,5
DA:8,5
DA:9,5
DA:13,5
DA:16,5
DA:18,5
LF:10
LH:10
BRF:0
BRH:0
end_of_record
TN:
SF:src\shared\components\drawer\index.tsx
FN:12,(anonymous_9)
FN:18,(anonymous_10)
FN:24,(anonymous_11)
FNF:3
FNH:3
FNDA:9,(anonymous_9)
FNDA:9,(anonymous_10)
FNDA:9,(anonymous_11)
DA:1,1
DA:3,1
DA:12,1
DA:18,9
DA:19,9
DA:20,6
DA:22,3
DA:24,9
DA:25,9
DA:29,9
LF:10
LH:10
BRDA:15,0,0,0
BRDA:19,1,0,6
BRDA:19,1,1,3
BRF:3
BRH:2
end_of_record
TN:
SF:src\shared\components\drawer\styled.ts
FN:11,(anonymous_1)
FN:12,(anonymous_2)
FN:21,(anonymous_3)
FN:22,(anonymous_4)
FN:23,(anonymous_5)
FN:25,(anonymous_6)
FN:30,(anonymous_7)
FN:36,(anonymous_8)
FN:39,(anonymous_9)
FN:46,(anonymous_10)
FN:47,(anonymous_11)
FN:52,(anonymous_12)
FN:57,(anonymous_13)
FNF:13
FNH:13
FNDA:9,(anonymous_1)
FNDA:9,(anonymous_2)
FNDA:9,(anonymous_3)
FNDA:9,(anonymous_4)
FNDA:9,(anonymous_5)
FNDA:9,(anonymous_6)
FNDA:9,(anonymous_7)
FNDA:9,(anonymous_8)
FNDA:9,(anonymous_9)
FNDA:9,(anonymous_10)
FNDA:9,(anonymous_11)
FNDA:9,(anonymous_12)
FNDA:9,(anonymous_13)
DA:1,1
DA:3,1
DA:11,9
DA:12,9
DA:16,1
DA:21,9
DA:22,9
DA:23,9
DA:25,9
DA:30,9
DA:35,1
DA:36,9
DA:39,9
DA:42,1
DA:46,9
DA:47,9
DA:50,1
DA:52,9
DA:56,1
DA:57,9
LF:20
LH:20
BRDA:11,0,0,6
BRDA:11,0,1,3
BRDA:12,1,0,6
BRDA:12,1,1,3
BRDA:25,2,0,6
BRDA:25,2,1,3
BRF:6
BRH:6
end_of_record
TN:
SF:src\shared\components\input\index.tsx
FN:15,(anonymous_9)
FNF:1
FNH:1
FNDA:7,(anonymous_9)
DA:1,1
DA:3,1
DA:14,1
DA:27,7
DA:41,1
DA:43,1
LF:6
LH:6
BRDA:21,0,0,7
BRDA:29,1,0,7
BRDA:29,1,1,1
BRDA:31,2,0,7
BRDA:31,2,1,1
BRDA:33,3,0,7
BRDA:33,3,1,1
BRDA:35,4,0,7
BRDA:35,4,1,1
BRF:9
BRH:9
end_of_record
TN:
SF:src\shared\components\input\styled.ts
FN:10,(anonymous_9)
FN:11,(anonymous_10)
FN:12,(anonymous_11)
FN:13,(anonymous_12)
FN:14,(anonymous_13)
FN:21,(anonymous_14)
FN:23,(anonymous_15)
FN:24,(anonymous_16)
FN:29,(anonymous_17)
FN:36,(anonymous_18)
FN:38,(anonymous_19)
FN:45,(anonymous_20)
FN:48,(anonymous_21)
FN:49,(anonymous_22)
FN:50,(anonymous_23)
FN:51,(anonymous_24)
FN:56,(anonymous_25)
FN:61,(anonymous_26)
FN:69,(anonymous_27)
FN:70,(anonymous_28)
FN:74,(anonymous_29)
FN:75,(anonymous_30)
FN:76,(anonymous_31)
FN:77,(anonymous_32)
FNF:24
FNH:24
FNDA:1,(anonymous_9)
FNDA:1,(anonymous_10)
FNDA:1,(anonymous_11)
FNDA:1,(anonymous_12)
FNDA:1,(anonymous_13)
FNDA:7,(anonymous_14)
FNDA:7,(anonymous_15)
FNDA:7,(anonymous_16)
FNDA:7,(anonymous_17)
FNDA:7,(anonymous_18)
FNDA:7,(anonymous_19)
FNDA:7,(anonymous_20)
FNDA:7,(anonymous_21)
FNDA:7,(anonymous_22)
FNDA:7,(anonymous_23)
FNDA:7,(anonymous_24)
FNDA:7,(anonymous_25)
FNDA:7,(anonymous_26)
FNDA:2,(anonymous_27)
FNDA:2,(anonymous_28)
FNDA:1,(anonymous_29)
FNDA:1,(anonymous_30)
FNDA:1,(anonymous_31)
FNDA:1,(anonymous_32)
DA:1,1
DA:3,1
DA:9,1
DA:10,1
DA:11,1
DA:12,1
DA:13,1
DA:14,1
DA:17,1
DA:22,7
DA:23,7
DA:25,7
DA:29,7
DA:37,7
DA:39,7
DA:43,1
DA:45,7
DA:48,7
DA:49,7
DA:50,7
DA:51,7
DA:56,7
DA:61,7
DA:66,1
DA:69,2
DA:70,2
DA:73,1
DA:74,1
DA:75,1
DA:76,1
DA:77,1
LF:31
LH:31
BRDA:22,0,0,1
BRDA:22,0,1,6
BRDA:25,1,0,0
BRDA:25,1,1,7
BRDA:29,2,0,7
BRDA:29,2,1,6
BRDA:37,3,0,1
BRDA:37,3,1,6
BRDA:39,4,0,1
BRDA:39,4,1,6
BRF:10
BRH:9
end_of_record
TN:
SF:src\shared\components\loading\index.tsx
FN:11,(anonymous_0)
FNF:1
FNH:1
FNDA:6,(anonymous_0)
DA:1,1
DA:11,1
DA:17,6
DA:19,6
LF:4
LH:4
BRDA:12,0,0,4
BRDA:13,1,0,5
BRDA:14,2,0,5
BRDA:15,3,0,5
BRDA:17,4,0,1
BRDA:17,4,1,5
BRDA:20,5,0,1
BRDA:20,5,1,5
BRDA:21,6,0,5
BRDA:21,6,1,1
BRDA:30,7,0,6
BRDA:30,7,1,5
BRF:12
BRH:12
end_of_record
TN:
SF:src\shared\components\loading\styled.ts
FN:13,(anonymous_9)
FN:20,(anonymous_10)
FN:21,(anonymous_11)
FN:22,(anonymous_12)
FN:34,(anonymous_13)
FN:39,(anonymous_14)
FN:40,(anonymous_15)
FN:54,(anonymous_16)
FN:55,(anonymous_17)
FN:56,(anonymous_18)
FN:57,(anonymous_19)
FN:67,(anonymous_20)
FNF:12
FNH:12
FNDA:6,(anonymous_9)
FNDA:5,(anonymous_10)
FNDA:5,(anonymous_11)
FNDA:5,(anonymous_12)
FNDA:1,(anonymous_13)
FNDA:1,(anonymous_14)
FNDA:1,(anonymous_15)
FNDA:5,(anonymous_16)
FNDA:5,(anonymous_17)
FNDA:5,(anonymous_18)
FNDA:5,(anonymous_19)
FNDA:1,(anonymous_20)
DA:1,1
DA:3,1
DA:8,1
DA:13,6
DA:17,1
DA:20,5
DA:21,5
DA:22,5
DA:27,1
DA:32,1
DA:34,1
DA:39,1
DA:40,1
DA:53,1
DA:54,5
DA:55,5
DA:56,5
DA:57,5
DA:61,1
DA:67,1
LF:20
LH:20
BRF:0
BRH:0
end_of_record
TN:
SF:src\shared\components\pagination\index.tsx
FN:18,(anonymous_9)
FN:29,(anonymous_10)
FN:38,(anonymous_11)
FN:41,(anonymous_12)
FN:47,(anonymous_13)
FN:54,(anonymous_14)
FN:71,(anonymous_15)
FN:81,(anonymous_16)
FN:89,(anonymous_17)
FN:93,(anonymous_18)
FN:103,(anonymous_19)
FN:113,(anonymous_20)
FNF:12
FNH:11
FNDA:13,(anonymous_9)
FNDA:13,(anonymous_10)
FNDA:65,(anonymous_11)
FNDA:5,(anonymous_12)
FNDA:4,(anonymous_13)
FNDA:2,(anonymous_14)
FNDA:1,(anonymous_15)
FNDA:1,(anonymous_16)
FNDA:65,(anonymous_17)
FNDA:0,(anonymous_18)
FNDA:1,(anonymous_19)
FNDA:1,(anonymous_20)
DA:2,1
DA:4,1
DA:18,1
DA:27,13
DA:29,13
DA:30,13
DA:31,13
DA:32,13
DA:34,13
DA:35,0
DA:38,65
DA:41,13
DA:42,5
DA:43,5
DA:47,13
DA:48,4
DA:49,4
DA:50,2
DA:54,13
DA:55,2
DA:56,2
DA:57,2
DA:58,2
DA:59,1
DA:62,2
DA:65,13
DA:67,13
DA:71,1
DA:81,1
DA:90,65
DA:93,0
DA:103,1
DA:113,1
DA:139,1
LF:34
LH:32
BRDA:22,0,0,12
BRDA:23,1,0,10
BRDA:24,2,0,10
BRDA:34,3,0,0
BRDA:34,3,1,13
BRDA:42,4,0,5
BRDA:42,4,1,0
BRDA:42,5,0,5
BRDA:42,5,1,5
BRDA:42,5,2,5
BRDA:49,6,0,2
BRDA:49,6,1,2
BRDA:49,7,0,4
BRDA:49,7,1,4
BRDA:56,8,0,2
BRDA:56,8,1,0
BRDA:58,9,0,1
BRDA:58,9,1,1
BRDA:58,10,0,2
BRDA:58,10,1,2
BRDA:69,11,0,13
BRDA:69,11,1,12
BRDA:79,12,0,13
BRDA:79,12,1,12
BRDA:94,13,0,13
BRDA:94,13,1,52
BRDA:101,14,0,13
BRDA:101,14,1,12
BRDA:111,15,0,13
BRDA:111,15,1,12
BRF:30
BRH:27
end_of_record
TN:
SF:src\shared\components\pagination\styled.ts
FN:15,(anonymous_1)
FN:16,(anonymous_2)
FN:19,(anonymous_3)
FN:25,(anonymous_4)
FN:46,(anonymous_5)
FN:53,(anonymous_6)
FN:54,(anonymous_7)
FNF:7
FNH:7
FNDA:126,(anonymous_1)
FNDA:126,(anonymous_2)
FNDA:126,(anonymous_3)
FNDA:126,(anonymous_4)
FNDA:13,(anonymous_5)
FNDA:13,(anonymous_6)
FNDA:13,(anonymous_7)
DA:2,1
DA:4,1
DA:13,1
DA:15,126
DA:16,126
DA:19,126
DA:25,126
DA:38,1
DA:43,1
DA:46,13
DA:51,1
DA:53,13
DA:54,13
LF:13
LH:13
BRDA:16,0,0,13
BRDA:16,0,1,113
BRDA:19,1,0,13
BRDA:19,1,1,113
BRF:4
BRH:4
end_of_record
TN:
SF:src\shared\components\select\index.tsx
FN:24,(anonymous_9)
FN:35,(anonymous_10)
FN:60,(anonymous_11)
FNF:3
FNH:3
FNDA:7,(anonymous_9)
FNDA:1,(anonymous_10)
FNDA:21,(anonymous_11)
DA:1,1
DA:3,1
DA:23,1
DA:35,7
DA:36,1
DA:39,7
DA:61,21
DA:78,1
DA:80,1
LF:9
LH:9
BRDA:32,0,0,7
BRDA:41,1,0,7
BRDA:41,1,1,1
BRDA:51,2,0,7
BRDA:51,2,1,6
BRDA:55,3,0,7
BRDA:55,3,1,2
BRF:7
BRH:7
end_of_record
TN:
SF:src\shared\components\select\styled.ts
FN:11,(anonymous_1)
FN:13,(anonymous_2)
FN:15,(anonymous_3)
FN:16,(anonymous_4)
FN:17,(anonymous_5)
FN:25,(anonymous_6)
FN:25,(anonymous_7)
FN:26,(anonymous_8)
FN:27,(anonymous_9)
FN:28,(anonymous_10)
FN:30,(anonymous_11)
FN:31,(anonymous_12)
FN:32,(anonymous_13)
FN:41,(anonymous_14)
FN:46,(anonymous_15)
FN:47,(anonymous_16)
FN:51,(anonymous_17)
FNF:17
FNH:17
FNDA:1,(anonymous_1)
FNDA:1,(anonymous_2)
FNDA:1,(anonymous_3)
FNDA:1,(anonymous_4)
FNDA:1,(anonymous_5)
FNDA:7,(anonymous_6)
FNDA:7,(anonymous_7)
FNDA:7,(anonymous_8)
FNDA:7,(anonymous_9)
FNDA:7,(anonymous_10)
FNDA:7,(anonymous_11)
FNDA:7,(anonymous_12)
FNDA:7,(anonymous_13)
FNDA:7,(anonymous_14)
FNDA:7,(anonymous_15)
FNDA:7,(anonymous_16)
FNDA:7,(anonymous_17)
DA:1,1
DA:3,1
DA:10,1
DA:11,1
DA:13,1
DA:15,1
DA:16,1
DA:17,1
DA:20,1
DA:25,7
DA:26,7
DA:27,7
DA:29,7
DA:30,7
DA:31,7
DA:32,7
DA:41,7
DA:46,7
DA:47,7
DA:51,7
DA:57,1
LF:21
LH:21
BRDA:29,0,0,0
BRDA:29,0,1,7
BRF:2
BRH:1
end_of_record
TN:
SF:src\shared\store\restaurant\restaurantsSaga.ts
FN:8,fetchRestaurantsSaga
FN:21,watchFetchRestaurants
FNF:2
FNH:2
FNDA:3,fetchRestaurantsSaga
FNDA:1,watchFetchRestaurants
DA:1,1
DA:5,1
DA:6,1
DA:8,1
DA:10,3
DA:11,3
DA:12,3
DA:13,1
DA:15,2
DA:21,1
DA:23,1
LF:11
LH:11
BRDA:16,0,0,1
BRDA:16,0,1,1
BRF:2
BRH:2
end_of_record
TN:
SF:src\shared\store\restaurant\restaurantsSlice.ts
FN:56,(anonymous_0)
FN:61,(anonymous_1)
FN:65,(anonymous_2)
FN:69,(anonymous_3)
FN:72,(anonymous_4)
FN:75,(anonymous_5)
FN:80,(anonymous_6)
FN:85,(anonymous_7)
FN:90,(anonymous_8)
FN:94,(anonymous_9)
FN:97,(anonymous_10)
FNF:11
FNH:11
FNDA:1,(anonymous_0)
FNDA:1,(anonymous_1)
FNDA:1,(anonymous_2)
FNDA:1,(anonymous_3)
FNDA:1,(anonymous_4)
FNDA:1,(anonymous_5)
FNDA:2,(anonymous_6)
FNDA:1,(anonymous_7)
FNDA:1,(anonymous_8)
FNDA:1,(anonymous_9)
FNDA:1,(anonymous_10)
DA:2,2
DA:28,2
DA:52,2
DA:57,1
DA:58,1
DA:59,1
DA:62,1
DA:63,1
DA:66,1
DA:67,1
DA:70,1
DA:73,1
DA:76,1
DA:77,1
DA:78,1
DA:81,2
DA:82,2
DA:83,2
DA:86,1
DA:87,1
DA:88,1
DA:91,1
DA:92,1
DA:95,1
DA:98,1
DA:103,2
DA:116,2
LF:27
LH:27
BRF:0
BRH:0
end_of_record
TN:
SF:src\shared\store\restaurant\selector.ts
FN:9,(anonymous_0)
FN:10,(anonymous_1)
FN:11,(anonymous_2)
FN:14,(anonymous_3)
FN:16,(anonymous_4)
FN:22,(anonymous_5)
FN:23,(anonymous_6)
FN:26,(anonymous_7)
FN:27,(anonymous_8)
FN:42,(anonymous_9)
FN:63,(anonymous_10)
FN:71,(anonymous_11)
FNF:12
FNH:12
FNDA:8,(anonymous_0)
FNDA:8,(anonymous_1)
FNDA:6,(anonymous_2)
FNDA:5,(anonymous_3)
FNDA:10,(anonymous_4)
FNDA:30,(anonymous_5)
FNDA:3,(anonymous_6)
FNDA:3,(anonymous_7)
FNDA:5,(anonymous_8)
FNDA:2,(anonymous_9)
FNDA:2,(anonymous_10)
FNDA:2,(anonymous_11)
DA:1,1
DA:9,8
DA:10,8
DA:11,6
DA:12,1
DA:16,5
DA:17,10
DA:21,5
DA:22,30
DA:23,3
DA:25,5
DA:27,3
DA:28,5
DA:29,0
DA:30,0
DA:31,2
DA:32,0
DA:33,0
DA:34,3
DA:35,0
DA:42,5
DA:43,2
DA:45,1
DA:47,0
DA:49,1
DA:51,0
DA:53,0
DA:55,0
DA:61,1
DA:64,2
DA:65,2
DA:66,2
DA:69,1
DA:71,2
LF:34
LH:25
BRDA:25,0,0,2
BRDA:25,0,1,3
BRDA:28,1,0,0
BRDA:28,1,1,0
BRDA:28,1,2,2
BRDA:28,1,3,0
BRDA:28,1,4,0
BRDA:28,1,5,3
BRDA:28,1,6,0
BRDA:43,2,0,1
BRDA:43,2,1,0
BRDA:43,2,2,1
BRDA:43,2,3,0
BRDA:43,2,4,0
BRDA:43,2,5,0
BRDA:47,3,0,0
BRDA:47,3,1,0
BRDA:47,4,0,0
BRDA:47,4,1,0
BRDA:49,5,0,1
BRDA:49,5,1,0
BRDA:49,6,0,1
BRDA:49,6,1,0
BRDA:51,7,0,0
BRDA:51,7,1,0
BRDA:51,8,0,0
BRDA:51,8,1,0
BRDA:53,9,0,0
BRDA:53,9,1,0
BRDA:53,10,0,0
BRDA:53,10,1,0
BRF:31
BRH:8
end_of_record
TN:
SF:src\shared\theme\index.ts
FNF:0
FNH:0
DA:4,7
DA:89,7
LF:2
LH:2
BRF:0
BRH:0
end_of_record
TN:
SF:src\shared\utils\test-utils.tsx
FN:9,(anonymous_5)
FN:13,(anonymous_6)
FNF:2
FNH:2
FNDA:45,(anonymous_5)
FNDA:41,(anonymous_6)
DA:2,7
DA:3,7
DA:4,7
DA:6,7
DA:9,7
DA:10,45
DA:13,7
DA:16,41
DA:19,7
DA:21,7
LF:10
LH:10
BRF:0
BRH:0
end_of_record
